

HI-TECH Software PIC LITE Macro Assembler V9.80 build 6738 
                                                                                               Tue Dec 22 04:26:15 2015

HI-TECH Software Omniscient Code Generator (Lite mode) build 6738
     1  0000                     opt subtitle "HI-TECH Software Omniscient Code Generator (Lite mode) build 6738"
     2                           
     3                           opt pagewidth 120
     4                           
     5                           	opt lm
     6                           
     7                           	processor	16F877A
     8                           clrc	macro
     9                           	bcf	3,0
    10  0000                     	endm
    11                           clrz	macro
    12                           	bcf	3,2
    13  0000                     	endm
    14                           setc	macro
    15                           	bsf	3,0
    16  0000                     	endm
    17                           setz	macro
    18                           	bsf	3,2
    19  0000                     	endm
    20                           skipc	macro
    21                           	btfss	3,0
    22  0000                     	endm
    23                           skipz	macro
    24                           	btfss	3,2
    25  0000                     	endm
    26                           skipnc	macro
    27                           	btfsc	3,0
    28  0000                     	endm
    29                           skipnz	macro
    30                           	btfsc	3,2
    31  0000                     	endm
    32  0000                     indf	equ	0
    33  0000                     indf0	equ	0
    34  0002                     pc	equ	2
    35  0002                     pcl	equ	2
    36  0003                     status	equ	3
    37  0004                     fsr	equ	4
    38  0004                     fsr0	equ	4
    39  0001                     c	equ	1
    40  0000                     z	equ	0
    41  000A                     pclath	equ	10
    42                           	FNROOT	_main
    43                           	global	_RB0
    44                           psect	maintext,global,class=CODE,delta=2
    45                           global __pmaintext
    46  07EF                     __pmaintext:
    47  0030                     _RB0	set	48
    48                           	global	_RC0
    49  0038                     _RC0	set	56
    50                           	global	_TRISB
    51  0086                     _TRISB	set	134
    52                           	global	_TRISC
    53  0087                     _TRISC	set	135
    54                           	file	"single pushbutton.as"
    55                           	line	#
    56                           psect cinit,class=CODE,delta=2
    57                           global start_initialization
    58  07EB                     start_initialization:
    59                           
    60                           psect cinit,class=CODE,delta=2
    61                           global end_of_initialization
    62                           
    63                           ;End of C runtime variable initialization code
    64                           
    65  07EB                     end_of_initialization:
    66  07EB  0183               clrf status
    67  07EC  120A  118A  2FEF   ljmp _main	;jump to C main() function
    68                           psect	cstackCOMMON,class=COMMON,space=1
    69                           global __pcstackCOMMON
    70  0000                     __pcstackCOMMON:
    71                           	global	?_main
    72  0000                     ?_main:	; 0 bytes @ 0x0
    73                           	global	??_main
    74  0000                     ??_main:	; 0 bytes @ 0x0
    75 ;;Data sizes: Strings 0, constant 0, data 0, bss 0, persistent 0 stack 0
    76 ;;Auto spaces:   Size  Autos    Used
    77 ;; COMMON          14      0       0
    78 ;; BANK0           80      0       0
    79 ;; BANK1           80      0       0
    80 ;; BANK3           96      0       0
    81 ;; BANK2           96      0       0
    82                           
    83 ;;
    84 ;; Pointer list with targets:
    85                           
    86                           
    87                           
    88 ;;
    89 ;; Critical Paths under _main in COMMON
    90 ;;
    91 ;;   None.
    92 ;;
    93 ;; Critical Paths under _main in BANK0
    94 ;;
    95 ;;   None.
    96 ;;
    97 ;; Critical Paths under _main in BANK1
    98 ;;
    99 ;;   None.
   100 ;;
   101 ;; Critical Paths under _main in BANK3
   102 ;;
   103 ;;   None.
   104 ;;
   105 ;; Critical Paths under _main in BANK2
   106 ;;
   107 ;;   None.
   108                           
   109 ;;
   110 ;;Main: autosize = 0, tempsize = 0, incstack = 0, save=0
   111 ;;
   112                           
   113 ;;
   114 ;;Call Graph Tables:
   115 ;;
   116 ;; ---------------------------------------------------------------------------------
   117 ;; (Depth) Function   	        Calls       Base Space   Used Autos Params    Refs
   118 ;; ---------------------------------------------------------------------------------
   119 ;; (0) _main                                                 0     0      0       0
   120 ;; ---------------------------------------------------------------------------------
   121 ;; Estimated maximum stack depth 0
   122 ;; ---------------------------------------------------------------------------------
   123                           
   124 ;; Call Graph Graphs:
   125                           
   126 ;; _main (ROOT)
   127 ;;
   128                           
   129 ;; Address spaces:
   130                           
   131 ;;Name               Size   Autos  Total    Cost      Usage
   132 ;;BITCOMMON            E      0       0       0        0.0%
   133 ;;EEDATA             100      0       0       0        0.0%
   134 ;;NULL                 0      0       0       0        0.0%
   135 ;;CODE                 0      0       0       0        0.0%
   136 ;;COMMON               E      0       0       1        0.0%
   137 ;;BITSFR0              0      0       0       1        0.0%
   138 ;;SFR0                 0      0       0       1        0.0%
   139 ;;BITSFR1              0      0       0       2        0.0%
   140 ;;SFR1                 0      0       0       2        0.0%
   141 ;;STACK                0      0       0       2        0.0%
   142 ;;ABS                  0      0       0       3        0.0%
   143 ;;BITBANK0            50      0       0       4        0.0%
   144 ;;BITSFR3              0      0       0       4        0.0%
   145 ;;SFR3                 0      0       0       4        0.0%
   146 ;;BANK0               50      0       0       5        0.0%
   147 ;;BITSFR2              0      0       0       5        0.0%
   148 ;;SFR2                 0      0       0       5        0.0%
   149 ;;BITBANK1            50      0       0       6        0.0%
   150 ;;BANK1               50      0       0       7        0.0%
   151 ;;BITBANK3            60      0       0       8        0.0%
   152 ;;BANK3               60      0       0       9        0.0%
   153 ;;BITBANK2            60      0       0      10        0.0%
   154 ;;BANK2               60      0       0      11        0.0%
   155 ;;DATA                 0      0       0      12        0.0%
   156                           
   157                           	global	_main
   158                           psect	maintext
   159                           
   160 ;; *************** function _main *****************
   161 ;; Defined at:
   162 ;;		line 3 in file "C:\Users\blackrider\Desktop\PIC course\single push button\single push button.c"
   163 ;; Parameters:    Size  Location     Type
   164 ;;		None
   165 ;; Auto vars:     Size  Location     Type
   166 ;;		None
   167 ;; Return value:  Size  Location     Type
   168 ;;		None               void
   169 ;; Registers used:
   170 ;;		wreg, status,2
   171 ;; Tracked objects:
   172 ;;		On entry : 17F/0
   173 ;;		On exit  : 0/0
   174 ;;		Unchanged: 0/0
   175 ;; Data sizes:     COMMON   BANK0   BANK1   BANK3   BANK2
   176 ;;      Params:         0       0       0       0       0
   177 ;;      Locals:         0       0       0       0       0
   178 ;;      Temps:          0       0       0       0       0
   179 ;;      Totals:         0       0       0       0       0
   180 ;;Total ram usage:        0 bytes
   181 ;; This function calls:
   182 ;;		Nothing
   183 ;; This function is called by:
   184 ;;		Startup code after reset
   185 ;; This function uses a non-reentrant model
   186 ;;
   187                           psect	maintext
   188                           	file	"C:\Users\blackrider\Desktop\PIC course\single push button\single push button.c"
   189                           	line	3
   190                           	global	__size_of_main
   191  0011                     	__size_of_main	equ	__end_of_main-_main
   192                           	
   193  07EF                     _main:	
   194                           	opt	stack 8
   195                           ; Regs used in _main: [wreg+status,2]
   196                           	line	4
   197                           	
   198  07EF                     l929:	
   199                           ;single push button.c: 4: TRISC=0xFF;
   200  07EF  30FF               	movlw	(0FFh)
   201  07F0  1683               	bsf	status, 5	;RP0=1, select bank1
   202  07F1  1303               	bcf	status, 6	;RP1=0, select bank1
   203  07F2  0087               	movwf	(135)^080h	;volatile
   204                           	line	5
   205                           	
   206  07F3                     l931:	
   207                           ;single push button.c: 5: TRISB=0x00;
   208  07F3  0186               	clrf	(134)^080h	;volatile
   209                           	line	6
   210                           	
   211  07F4                     l933:	
   212                           ;single push button.c: 6: if(RC0==1)
   213  07F4  1283               	bcf	status, 5	;RP0=0, select bank0
   214  07F5  1303               	bcf	status, 6	;RP1=0, select bank0
   215  07F6  1C07               	btfss	(56/8),(56)&7
   216  07F7  2FF9               	goto	u11
   217  07F8  2FFA               	goto	u10
   218  07F9                     u11:
   219  07F9  2FFD               	goto	l560
   220  07FA                     u10:
   221                           	line	9
   222                           	
   223  07FA                     l935:	
   224                           ;single push button.c: 7: {
   225                           ;single push button.c: 9: RB0=~RB0;
   226  07FA  3001               	movlw	1<<((48)&7)
   227  07FB  0686               	xorwf	((48)/8),f
   228  07FC  2FFD               	goto	l560
   229                           	line	10
   230                           	
   231  07FD                     l559:	
   232                           	line	12
   233                           	
   234  07FD                     l560:	
   235                           	global	start
   236  07FD  120A  118A  2800   	ljmp	start
   237                           	opt stack 0
   238                           GLOBAL	__end_of_main
   239  0800                     	__end_of_main:
   240 ;; =============== function _main ends ============
   241                           
   242                           	signat	_main,88
   243                           psect	maintext
   244                           	global	btemp
   245  007E                     	btemp set 07Eh
   246                           
   247                           	DABS	1,126,2	;btemp
   248                           	global	wtemp0
   249  007E                     	wtemp0 set btemp


HI-TECH Software PICC Macro Assembler V9.80 build 6738 
Symbol Table                                                                                   Tue Dec 22 04:26:15 2015

                  u10 07FA                    u11 07F9                   l560 07FD                   l559 07FD  
                 l931 07F3                   l933 07F4                   l935 07FA                   l929 07EF  
                 _RB0 0030                   _RC0 0038                  _main 07EF                  btemp 007E  
                start 0000                 ?_main 0000                 _TRISB 0086                 _TRISC 0087  
               status 0003                 wtemp0 007E          __end_of_main 0800                ??_main 0000  
      __pcstackCOMMON 0000            __pmaintext 07EF  end_of_initialization 07EB   start_initialization 07EB  
       __size_of_main 0011  
