

HI-TECH Software PIC Macro Assembler V9.71a build 6446 
                                                                                                           Tue Aug 21 08:28:11 2018


     1                           
     2                           	; HI-TECH C Compiler for PIC10/12/16 MCUs V9.71a
     3                           	; Copyright (C) 1984-2010 HI-TECH Software
     4                           
     5                           	; Auto-generated runtime startup code for final link stage.
     6                           
     7                           	;
     8                           	; Compiler options:
     9                           	;
    10                           	; -oADC.cof -mADC.map --summary=default --output=default adc.p1 \
    11                           	; --chip=16F1828 -P --runtime=default --opt=default -D__DEBUG=1 -g \
    12                           	; --asmlist --errformat=Error   [%n] %f; %l.%c %s \
    13                           	; --msgformat=Advisory[%n] %s --warnformat=Warning [%n] %f; %l.%c %s
    14                           	;
    15                           
    16                           
    17                           	processor	16F1828
    18                           
    19                           	global	_main,start,_exit,reset_vec
    20                           	fnroot	_main
    21                           	psect	config,class=CONFIG,delta=2
    22                           	psect	idloc,class=IDLOC,delta=2
    23                           	psect	code,class=CODE,delta=2
    24                           	psect	powerup,class=CODE,delta=2
    25                           	psect	reset_vec,class=CODE,delta=2
    26                           	psect	maintext,class=CODE,delta=2
    27  0000                     	C	set	0
    28  0002                     	Z	set	2
    29  0002                     	PCL	set	2
    30  0000                     	INDF	set	0
    31                           
    32  0003                     	STATUS	equ	3
    33  0008                     	BSR	equ	8
    34  000A                     	PCLATH	equ	0Ah
    35                           	psect	eeprom_data,class=EEDATA,delta=2,space=2
    36                           	psect	strings,class=CODE,delta=2,reloc=256
    37                           	psect	intentry,class=CODE,delta=2
    38                           	psect	functab,class=CODE,delta=2
    39                           	global	intlevel0,intlevel1,intlevel2, intlevel3, intlevel4, intlevel5
    40  0000                     intlevel0:
    41  0000                     intlevel1:
    42  0000                     intlevel2:
    43  0000                     intlevel3:
    44  0000                     intlevel4:
    45  0000                     intlevel5:
    46                           	psect	init,class=CODE,delta=2
    47                           	psect	cinit,class=CODE,delta=2
    48                           	psect	text,class=CODE,delta=2
    49                           	psect	end_init,class=CODE,delta=2
    50                           	psect	clrtext,class=CODE,delta=2
    51  0000                     	INDF0	set	0
    52  0001                     	INDF1	set	1
    53  0002                     	PCL	set	2
    54  0003                     	STATUS	set	3
    55  0004                     	FSR0L	set	4
    56  0005                     	FSR0H	set	5
    57  0006                     	FSR1L	set	6
    58  0007                     	FSR1H	set	7
    59  0008                     	BSR	set	8
    60  0009                     	WREG	set	9
    61  000A                     	PCLATH	set	10
    62  000B                     	INTCON	set	11
    63                           
    64                           	psect	reset_vec
    65  0000                     reset_vec:
    66                           	; No powerup routine
    67                           	global start
    68                           
    69                           ; jump to start
    70  0000  3180  2802         	ljmp	start
    71                           	; No interrupt routine
    72                           
    73                           
    74                           	psect	init
    75  0002                     start
    76  0002                     _exit
    77                           	psect	end_init
    78  0002  0188               	clrf	BSR
    79                           	global start_initialization
    80  0003  3187  2FF0         	ljmp start_initialization	;jump to C runtime clear & initialization


HI-TECH Software PICC Macro Assembler V9.71a build 6446 
Symbol Table                                                                                               Tue Aug 21 08:28:11 2018

                 BSR 0008                 _main 07F3                 _exit 0002                 start 0002  
start_initialization 07F0             intlevel0 0000             intlevel1 0000             intlevel2 0000  
           intlevel3 0000             intlevel4 0000             intlevel5 0000             reset_vec 0000  
