

HI-TECH Software PIC LITE Macro Assembler V9.80 build 6738 
                                                                                               Fri Dec 25 12:07:59 2015

HI-TECH Software Omniscient Code Generator (Lite mode) build 6738
     1  0000                     opt subtitle "HI-TECH Software Omniscient Code Generator (Lite mode) build 6738"
     2                           
     3                           opt pagewidth 120
     4                           
     5                           	opt lm
     6                           
     7                           	processor	16F877A
     8                           clrc	macro
     9                           	bcf	3,0
    10  0000                     	endm
    11                           clrz	macro
    12                           	bcf	3,2
    13  0000                     	endm
    14                           setc	macro
    15                           	bsf	3,0
    16  0000                     	endm
    17                           setz	macro
    18                           	bsf	3,2
    19  0000                     	endm
    20                           skipc	macro
    21                           	btfss	3,0
    22  0000                     	endm
    23                           skipz	macro
    24                           	btfss	3,2
    25  0000                     	endm
    26                           skipnc	macro
    27                           	btfsc	3,0
    28  0000                     	endm
    29                           skipnz	macro
    30                           	btfsc	3,2
    31  0000                     	endm
    32  0000                     indf	equ	0
    33  0000                     indf0	equ	0
    34  0002                     pc	equ	2
    35  0002                     pcl	equ	2
    36  0003                     status	equ	3
    37  0004                     fsr	equ	4
    38  0004                     fsr0	equ	4
    39  0001                     c	equ	1
    40  0000                     z	equ	0
    41  000A                     pclath	equ	10
    42                           	FNCALL	_main,_delay
    43                           	FNROOT	_main
    44                           	FNCALL	_ext,i1_delay
    45                           	FNCALL	intlevel1,_ext
    46                           	global	intlevel1
    47                           	FNROOT	intlevel1
    48                           	global	_seg
    49                           psect	idataBANK0,class=CODE,space=0,delta=2
    50                           global __pidataBANK0
    51  00D7                     __pidataBANK0:
    52                           	file	"C:\Users\blackrider\Desktop\PIC course\Interrupt 7seg & LED\main.c"
    53                           	line	5
    54                           
    55                           ;initializer for _seg
    56  00D7  343F               	retlw	03Fh
    57  00D8  3406               	retlw	06h
    58  00D9  345B               	retlw	05Bh
    59  00DA  344F               	retlw	04Fh
    60  00DB  3466               	retlw	066h
    61  00DC  346D               	retlw	06Dh
    62  00DD  347D               	retlw	07Dh
    63  00DE  3407               	retlw	07h
    64  00DF  347F               	retlw	07Fh
    65  00E0  346F               	retlw	06Fh
    66                           	global	_PORTC
    67  0007                     _PORTC	set	7
    68                           	global	_PORTD
    69  0008                     _PORTD	set	8
    70                           	global	_GIE
    71  005F                     _GIE	set	95
    72                           	global	_INTE
    73  005C                     _INTE	set	92
    74                           	global	_INTF
    75  0059                     _INTF	set	89
    76                           	global	_RC0
    77  0038                     _RC0	set	56
    78                           	global	_TRISB
    79  0086                     _TRISB	set	134
    80                           	global	_TRISC
    81  0087                     _TRISC	set	135
    82                           	global	_TRISD
    83  0088                     _TRISD	set	136
    84                           	global	_INTEDG
    85  040E                     _INTEDG	set	1038
    86                           	global	_RBPU
    87  040F                     _RBPU	set	1039
    88                           	file	"Interrupt Ext 7Seg LED.as"
    89                           	line	#
    90                           psect cinit,class=CODE,delta=2
    91                           global start_initialization
    92  00B4                     start_initialization:
    93                           
    94                           psect	dataBANK0,class=BANK0,space=1
    95                           global __pdataBANK0
    96  0020                     __pdataBANK0:
    97                           	file	"C:\Users\blackrider\Desktop\PIC course\Interrupt 7seg & LED\main.c"
    98  0020                     _seg:
    99  0020                            ds      10
   100                           
   101                           global btemp
   102                           psect inittext,class=CODE,delta=2
   103                           global init_fetch,btemp
   104                           ;	Called with low address in FSR and high address in W
   105  00C6                     init_fetch:
   106  00C6  087E               	movf btemp,w
   107  00C7  008A               	movwf pclath
   108  00C8  087F               	movf btemp+1,w
   109  00C9  0082               	movwf pc
   110                           global init_ram
   111                           ;Called with:
   112                           ;	high address of idata address in btemp 
   113                           ;	low address of idata address in btemp+1 
   114                           ;	low address of data in FSR
   115                           ;	high address + 1 of data in btemp-1
   116  00CA                     init_ram:
   117  00CA  20C6  120A  118A   	fcall init_fetch
   118  00CD  0080               	movwf indf,f
   119  00CE  0A84               	incf fsr,f
   120  00CF  0804               	movf fsr,w
   121  00D0  067D               	xorwf btemp-1,w
   122  00D1  1903               	btfsc status,2
   123  00D2  3400               	retlw 0
   124  00D3  0AFF               	incf btemp+1,f
   125  00D4  1903               	btfsc status,2
   126  00D5  0AFE               	incf btemp,f
   127  00D6  28CA               	goto init_ram
   128                           ; Initialize objects allocated to BANK0
   129                           psect cinit,class=CODE,delta=2
   130                           global init_ram, __pidataBANK0
   131  00B4  1383               	bcf	status, 7	;select IRP bank0
   132  00B5  302A               	movlw low(__pdataBANK0+10)
   133  00B6  00FD               	movwf btemp-1,f
   134  00B7  3000               	movlw high(__pidataBANK0)
   135  00B8  00FE               	movwf btemp,f
   136  00B9  30D7               	movlw low(__pidataBANK0)
   137  00BA  00FF               	movwf btemp+1,f
   138  00BB  3020               	movlw low(__pdataBANK0)
   139  00BC  0084               	movwf fsr,f
   140  00BD  120A  118A  20CA   	fcall init_ram
              120A  118A         
   141                           psect cinit,class=CODE,delta=2
   142                           global end_of_initialization
   143                           
   144                           ;End of C runtime variable initialization code
   145                           
   146  00C2                     end_of_initialization:
   147  00C2  0183               clrf status
   148  00C3  120A  118A  2815   ljmp _main	;jump to C main() function
   149                           psect	cstackCOMMON,class=COMMON,space=1
   150                           global __pcstackCOMMON
   151  0070                     __pcstackCOMMON:
   152                           	global	?_ext
   153  0070                     ?_ext:	; 0 bytes @ 0x0
   154                           	global	?_main
   155  0070                     ?_main:	; 0 bytes @ 0x0
   156                           	global	?i1_delay
   157  0070                     ?i1_delay:	; 0 bytes @ 0x0
   158                           	global	i1delay@a
   159  0070                     i1delay@a:	; 2 bytes @ 0x0
   160  0070                     	ds	2
   161                           	global	??_ext
   162  0072                     ??_ext:	; 0 bytes @ 0x2
   163                           	global	??i1_delay
   164  0072                     ??i1_delay:	; 0 bytes @ 0x2
   165  0072                     	ds	4
   166                           	global	?_delay
   167  0076                     ?_delay:	; 0 bytes @ 0x6
   168                           	global	delay@a
   169  0076                     delay@a:	; 2 bytes @ 0x6
   170  0076                     	ds	2
   171                           	global	??_delay
   172  0078                     ??_delay:	; 0 bytes @ 0x8
   173                           	global	??_main
   174  0078                     ??_main:	; 0 bytes @ 0x8
   175                           psect	cstackBANK0,class=BANK0,space=1
   176                           global __pcstackBANK0
   177  002A                     __pcstackBANK0:
   178                           	global	main@i_304
   179  002A                     main@i_304:	; 2 bytes @ 0x0
   180  002A                     	ds	2
   181 ;;Data sizes: Strings 0, constant 0, data 10, bss 0, persistent 0 stack 0
   182 ;;Auto spaces:   Size  Autos    Used
   183 ;; COMMON          14      8       8
   184 ;; BANK0           80      2      12
   185 ;; BANK1           80      0       0
   186 ;; BANK3           96      0       0
   187 ;; BANK2           96      0       0
   188                           
   189 ;;
   190 ;; Pointer list with targets:
   191                           
   192                           
   193                           
   194 ;;
   195 ;; Critical Paths under _main in COMMON
   196 ;;
   197 ;;   _main->_delay
   198 ;;
   199 ;; Critical Paths under _ext in COMMON
   200 ;;
   201 ;;   _ext->i1_delay
   202 ;;
   203 ;; Critical Paths under _main in BANK0
   204 ;;
   205 ;;   None.
   206 ;;
   207 ;; Critical Paths under _ext in BANK0
   208 ;;
   209 ;;   None.
   210 ;;
   211 ;; Critical Paths under _main in BANK1
   212 ;;
   213 ;;   None.
   214 ;;
   215 ;; Critical Paths under _ext in BANK1
   216 ;;
   217 ;;   None.
   218 ;;
   219 ;; Critical Paths under _main in BANK3
   220 ;;
   221 ;;   None.
   222 ;;
   223 ;; Critical Paths under _ext in BANK3
   224 ;;
   225 ;;   None.
   226 ;;
   227 ;; Critical Paths under _main in BANK2
   228 ;;
   229 ;;   None.
   230 ;;
   231 ;; Critical Paths under _ext in BANK2
   232 ;;
   233 ;;   None.
   234                           
   235 ;;
   236 ;;Main: autosize = 0, tempsize = 0, incstack = 0, save=0
   237 ;;
   238                           
   239 ;;
   240 ;;Call Graph Tables:
   241 ;;
   242 ;; ---------------------------------------------------------------------------------
   243 ;; (Depth) Function   	        Calls       Base Space   Used Autos Params    Refs
   244 ;; ---------------------------------------------------------------------------------
   245 ;; (0) _main                                                 4     4      0      90
   246 ;;                                              0 BANK0      2     2      0
   247 ;;                              _delay
   248 ;; ---------------------------------------------------------------------------------
   249 ;; (1) _delay                                                2     0      2      22
   250 ;;                                              6 COMMON     2     0      2
   251 ;; ---------------------------------------------------------------------------------
   252 ;; Estimated maximum stack depth 1
   253 ;; ---------------------------------------------------------------------------------
   254 ;; (Depth) Function   	        Calls       Base Space   Used Autos Params    Refs
   255 ;; ---------------------------------------------------------------------------------
   256 ;; (2) _ext                                                  4     4      0      60
   257 ;;                                              2 COMMON     4     4      0
   258 ;;                            i1_delay
   259 ;; ---------------------------------------------------------------------------------
   260 ;; (3) i1_delay                                              2     0      2      60
   261 ;;                                              0 COMMON     2     0      2
   262 ;; ---------------------------------------------------------------------------------
   263 ;; Estimated maximum stack depth 3
   264 ;; ---------------------------------------------------------------------------------
   265                           
   266 ;; Call Graph Graphs:
   267                           
   268 ;; _main (ROOT)
   269 ;;   _delay
   270 ;;
   271 ;; _ext (ROOT)
   272 ;;   i1_delay
   273 ;;
   274                           
   275 ;; Address spaces:
   276                           
   277 ;;Name               Size   Autos  Total    Cost      Usage
   278 ;;BANK3               60      0       0       9        0.0%
   279 ;;BITBANK3            60      0       0       8        0.0%
   280 ;;SFR3                 0      0       0       4        0.0%
   281 ;;BITSFR3              0      0       0       4        0.0%
   282 ;;BANK2               60      0       0      11        0.0%
   283 ;;BITBANK2            60      0       0      10        0.0%
   284 ;;SFR2                 0      0       0       5        0.0%
   285 ;;BITSFR2              0      0       0       5        0.0%
   286 ;;SFR1                 0      0       0       2        0.0%
   287 ;;BITSFR1              0      0       0       2        0.0%
   288 ;;BANK1               50      0       0       7        0.0%
   289 ;;BITBANK1            50      0       0       6        0.0%
   290 ;;CODE                 0      0       0       0        0.0%
   291 ;;DATA                 0      0      19      12        0.0%
   292 ;;ABS                  0      0      14       3        0.0%
   293 ;;NULL                 0      0       0       0        0.0%
   294 ;;STACK                0      0       5       2        0.0%
   295 ;;BANK0               50      2       C       5       15.0%
   296 ;;BITBANK0            50      0       0       4        0.0%
   297 ;;SFR0                 0      0       0       1        0.0%
   298 ;;BITSFR0              0      0       0       1        0.0%
   299 ;;COMMON               E      8       8       1       57.1%
   300 ;;BITCOMMON            E      0       0       0        0.0%
   301 ;;EEDATA             100      0       0       0        0.0%
   302                           
   303                           	global	_main
   304                           psect	maintext,global,class=CODE,delta=2
   305                           global __pmaintext
   306  0015                     __pmaintext:
   307                           
   308 ;; *************** function _main *****************
   309 ;; Defined at:
   310 ;;		line 19 in file "C:\Users\blackrider\Desktop\PIC course\Interrupt 7seg & LED\main.c"
   311 ;; Parameters:    Size  Location     Type
   312 ;;		None
   313 ;; Auto vars:     Size  Location     Type
   314 ;;  i               2    0[BANK0 ] int 
   315 ;;  i               2    0        unsigned int 
   316 ;; Return value:  Size  Location     Type
   317 ;;		None               void
   318 ;; Registers used:
   319 ;;		wreg, fsr0l, fsr0h, status,2, status,0, btemp+1, pclath, cstack
   320 ;; Tracked objects:
   321 ;;		On entry : 17F/0
   322 ;;		On exit  : 0/0
   323 ;;		Unchanged: 0/0
   324 ;; Data sizes:     COMMON   BANK0   BANK1   BANK3   BANK2
   325 ;;      Params:         0       0       0       0       0
   326 ;;      Locals:         0       2       0       0       0
   327 ;;      Temps:          0       0       0       0       0
   328 ;;      Totals:         0       2       0       0       0
   329 ;;Total ram usage:        2 bytes
   330 ;; Hardware stack levels required when called:    3
   331 ;; This function calls:
   332 ;;		_delay
   333 ;; This function is called by:
   334 ;;		Startup code after reset
   335 ;; This function uses a non-reentrant model
   336 ;;
   337                           psect	maintext
   338                           	file	"C:\Users\blackrider\Desktop\PIC course\Interrupt 7seg & LED\main.c"
   339                           	line	19
   340                           	global	__size_of_main
   341  0050                     	__size_of_main	equ	__end_of_main-_main
   342                           	
   343  0015                     _main:	
   344                           	opt	stack 5
   345                           ; Regs used in _main: [wreg-fsr0h+status,2+status,0+btemp+1+pclath+cstack]
   346                           	line	20
   347                           	
   348  0015                     l1783:	
   349                           ;main.c: 20: TRISD=0x00;
   350  0015  1683               	bsf	status, 5	;RP0=1, select bank1
   351  0016  1303               	bcf	status, 6	;RP1=0, select bank1
   352  0017  0188               	clrf	(136)^080h	;volatile
   353                           	line	21
   354                           ;main.c: 21: TRISC=0X00;
   355  0018  0187               	clrf	(135)^080h	;volatile
   356                           	line	22
   357                           	
   358  0019                     l1785:	
   359                           ;main.c: 22: TRISB=0x01;
   360  0019  3001               	movlw	(01h)
   361  001A  0086               	movwf	(134)^080h	;volatile
   362                           	line	23
   363                           	
   364  001B                     l1787:	
   365                           ;main.c: 23: PORTC=0X00;
   366  001B  1283               	bcf	status, 5	;RP0=0, select bank0
   367  001C  1303               	bcf	status, 6	;RP1=0, select bank0
   368  001D  0187               	clrf	(7)	;volatile
   369                           	line	24
   370                           	
   371  001E                     l1789:	
   372                           ;main.c: 24: GIE=1;
   373  001E  178B               	bsf	(95/8),(95)&7
   374                           	line	25
   375                           	
   376  001F                     l1791:	
   377                           ;main.c: 25: INTE=1;
   378  001F  160B               	bsf	(92/8),(92)&7
   379                           	line	26
   380                           	
   381  0020                     l1793:	
   382                           ;main.c: 26: RBPU=0;
   383  0020  1683               	bsf	status, 5	;RP0=1, select bank1
   384  0021  1303               	bcf	status, 6	;RP1=0, select bank1
   385  0022  1381               	bcf	(1039/8)^080h,(1039)&7
   386                           	line	27
   387                           	
   388  0023                     l1795:	
   389                           ;main.c: 27: INTEDG=0;
   390  0023  1301               	bcf	(1038/8)^080h,(1038)&7
   391                           	line	28
   392                           ;main.c: 28: while(1)
   393                           	
   394  0024                     l571:	
   395                           	line	30
   396                           ;main.c: 29: {
   397                           ;main.c: 30: for(int i=0;i<=9;i++)
   398  0024  3000               	movlw	low(0)
   399  0025  1283               	bcf	status, 5	;RP0=0, select bank0
   400  0026  1303               	bcf	status, 6	;RP1=0, select bank0
   401  0027  00AA               	movwf	(main@i_304)
   402  0028  3000               	movlw	high(0)
   403  0029  00AB               	movwf	((main@i_304))+1
   404                           	
   405  002A                     l1797:	
   406  002A  082B               	movf	(main@i_304+1),w
   407  002B  3A80               	xorlw	80h
   408  002C  00FF               	movwf	btemp+1
   409  002D  3080               	movlw	(high(0Ah))^80h
   410  002E  027F               	subwf	btemp+1,w
   411  002F  1D03               	skipz
   412  0030  2833               	goto	u2215
   413  0031  300A               	movlw	low(0Ah)
   414  0032  022A               	subwf	(main@i_304),w
   415  0033                     u2215:
   416                           
   417  0033  1C03               	skipc
   418  0034  2836               	goto	u2211
   419  0035  2837               	goto	u2210
   420  0036                     u2211:
   421  0036  2839               	goto	l1801
   422  0037                     u2210:
   423  0037  2824               	goto	l571
   424                           	
   425  0038                     l1799:	
   426  0038  2824               	goto	l571
   427                           	line	31
   428                           	
   429  0039                     l572:	
   430                           	line	32
   431                           	
   432  0039                     l1801:	
   433                           ;main.c: 31: {
   434                           ;main.c: 32: PORTD=seg[i];
   435  0039  1283               	bcf	status, 5	;RP0=0, select bank0
   436  003A  1303               	bcf	status, 6	;RP1=0, select bank0
   437  003B  082A               	movf	(main@i_304),w
   438  003C  3E20               	addlw	_seg&0ffh
   439  003D  0084               	movwf	fsr0
   440  003E  1383               	bcf	status, 7	;select IRP bank0
   441  003F  0800               	movf	indf,w
   442  0040  0088               	movwf	(8)	;volatile
   443                           	line	33
   444                           	
   445  0041                     l1803:	
   446                           ;main.c: 33: delay(10000);
   447  0041  3010               	movlw	low(02710h)
   448  0042  00F6               	movwf	(?_delay)
   449  0043  3027               	movlw	high(02710h)
   450  0044  00F7               	movwf	((?_delay))+1
   451  0045  120A  118A  208C   	fcall	_delay
              120A  118A         
   452                           	line	30
   453                           	
   454  004A                     l1805:	
   455  004A  3001               	movlw	low(01h)
   456  004B  1283               	bcf	status, 5	;RP0=0, select bank0
   457  004C  1303               	bcf	status, 6	;RP1=0, select bank0
   458  004D  07AA               	addwf	(main@i_304),f
   459  004E  1803               	skipnc
   460  004F  0AAB               	incf	(main@i_304+1),f
   461  0050  3000               	movlw	high(01h)
   462  0051  07AB               	addwf	(main@i_304+1),f
   463                           	
   464  0052                     l1807:	
   465  0052  082B               	movf	(main@i_304+1),w
   466  0053  3A80               	xorlw	80h
   467  0054  00FF               	movwf	btemp+1
   468  0055  3080               	movlw	(high(0Ah))^80h
   469  0056  027F               	subwf	btemp+1,w
   470  0057  1D03               	skipz
   471  0058  285B               	goto	u2225
   472  0059  300A               	movlw	low(0Ah)
   473  005A  022A               	subwf	(main@i_304),w
   474  005B                     u2225:
   475                           
   476  005B  1C03               	skipc
   477  005C  285E               	goto	u2221
   478  005D  285F               	goto	u2220
   479  005E                     u2221:
   480  005E  2839               	goto	l1801
   481  005F                     u2220:
   482  005F  2824               	goto	l571
   483                           	
   484  0060                     l573:	
   485  0060  2824               	goto	l571
   486                           	line	35
   487                           	
   488  0061                     l574:	
   489                           	line	28
   490  0061  2824               	goto	l571
   491                           	
   492  0062                     l575:	
   493                           	line	36
   494                           	
   495  0062                     l576:	
   496                           	global	start
   497  0062  120A  118A  2812   	ljmp	start
   498                           	opt stack 0
   499                           GLOBAL	__end_of_main
   500  0065                     	__end_of_main:
   501 ;; =============== function _main ends ============
   502                           
   503                           	signat	_main,88
   504                           	global	_delay
   505                           psect	text107,local,class=CODE,delta=2
   506                           global __ptext107
   507  008C                     __ptext107:
   508                           
   509 ;; *************** function _delay *****************
   510 ;; Defined at:
   511 ;;		line 3 in file "C:\Users\blackrider\Desktop\PIC course\Interrupt 7seg & LED\main.c"
   512 ;; Parameters:    Size  Location     Type
   513 ;;  a               2    6[COMMON] unsigned int 
   514 ;; Auto vars:     Size  Location     Type
   515 ;;		None
   516 ;; Return value:  Size  Location     Type
   517 ;;		None               void
   518 ;; Registers used:
   519 ;;		wreg
   520 ;; Tracked objects:
   521 ;;		On entry : 0/0
   522 ;;		On exit  : 0/0
   523 ;;		Unchanged: 0/0
   524 ;; Data sizes:     COMMON   BANK0   BANK1   BANK3   BANK2
   525 ;;      Params:         2       0       0       0       0
   526 ;;      Locals:         0       0       0       0       0
   527 ;;      Temps:          0       0       0       0       0
   528 ;;      Totals:         2       0       0       0       0
   529 ;;Total ram usage:        2 bytes
   530 ;; Hardware stack levels used:    1
   531 ;; Hardware stack levels required when called:    2
   532 ;; This function calls:
   533 ;;		Nothing
   534 ;; This function is called by:
   535 ;;		_main
   536 ;; This function uses a non-reentrant model
   537 ;;
   538                           psect	text107
   539                           	file	"C:\Users\blackrider\Desktop\PIC course\Interrupt 7seg & LED\main.c"
   540                           	line	3
   541                           	global	__size_of_delay
   542  0014                     	__size_of_delay	equ	__end_of_delay-_delay
   543                           	
   544  008C                     _delay:	
   545                           	opt	stack 5
   546                           ; Regs used in _delay: [wreg]
   547                           	
   548  008C                     l1779:	
   549  008C  288E               	goto	l1781
   550                           	
   551  008D                     l562:	
   552  008D  288E               	goto	l1781
   553                           	
   554  008E                     l561:	
   555                           	
   556  008E                     l1781:	
   557  008E  3001               	movlw	low(01h)
   558  008F  02F6               	subwf	(delay@a),f
   559  0090  3000               	movlw	high(01h)
   560  0091  1C03               	skipc
   561  0092  03F7               	decf	(delay@a+1),f
   562  0093  02F7               	subwf	(delay@a+1),f
   563  0094  30FF               	movlw	high(0FFFFh)
   564  0095  0677               	xorwf	((delay@a+1)),w
   565  0096  1D03               	skipz
   566  0097  289A               	goto	u2205
   567  0098  30FF               	movlw	low(0FFFFh)
   568  0099  0676               	xorwf	((delay@a)),w
   569  009A                     u2205:
   570                           
   571  009A  1D03               	skipz
   572  009B  289D               	goto	u2201
   573  009C  289E               	goto	u2200
   574  009D                     u2201:
   575  009D  288E               	goto	l1781
   576  009E                     u2200:
   577  009E  289F               	goto	l564
   578                           	
   579  009F                     l563:	
   580                           	line	4
   581                           	
   582  009F                     l564:	
   583  009F  0008               	return
   584                           	opt stack 0
   585                           GLOBAL	__end_of_delay
   586  00A0                     	__end_of_delay:
   587 ;; =============== function _delay ends ============
   588                           
   589                           	signat	_delay,4216
   590                           	global	_ext
   591                           psect	text108,local,class=CODE,delta=2
   592                           global __ptext108
   593  0065                     __ptext108:
   594                           
   595 ;; *************** function _ext *****************
   596 ;; Defined at:
   597 ;;		line 7 in file "C:\Users\blackrider\Desktop\PIC course\Interrupt 7seg & LED\main.c"
   598 ;; Parameters:    Size  Location     Type
   599 ;;		None
   600 ;; Auto vars:     Size  Location     Type
   601 ;;		None
   602 ;; Return value:  Size  Location     Type
   603 ;;		None               void
   604 ;; Registers used:
   605 ;;		wreg, status,2, status,0, pclath, cstack
   606 ;; Tracked objects:
   607 ;;		On entry : 0/0
   608 ;;		On exit  : 0/0
   609 ;;		Unchanged: 0/0
   610 ;; Data sizes:     COMMON   BANK0   BANK1   BANK3   BANK2
   611 ;;      Params:         0       0       0       0       0
   612 ;;      Locals:         0       0       0       0       0
   613 ;;      Temps:          4       0       0       0       0
   614 ;;      Totals:         4       0       0       0       0
   615 ;;Total ram usage:        4 bytes
   616 ;; Hardware stack levels used:    1
   617 ;; Hardware stack levels required when called:    1
   618 ;; This function calls:
   619 ;;		i1_delay
   620 ;; This function is called by:
   621 ;;		Interrupt level 1
   622 ;; This function uses a non-reentrant model
   623 ;;
   624                           psect	text108
   625                           	file	"C:\Users\blackrider\Desktop\PIC course\Interrupt 7seg & LED\main.c"
   626                           	line	7
   627                           	global	__size_of_ext
   628  0027                     	__size_of_ext	equ	__end_of_ext-_ext
   629                           	
   630  0065                     _ext:	
   631                           	opt	stack 5
   632                           ; Regs used in _ext: [wreg+status,2+status,0+pclath+cstack]
   633                           psect	intentry,class=CODE,delta=2
   634                           global __pintentry
   635  0004                     __pintentry:
   636                           global interrupt_function
   637  0004                     interrupt_function:
   638                           	global saved_w
   639  007E                     	saved_w	set	btemp+0
   640  0004  00FE               	movwf	saved_w
   641  0005  0803               	movf	status,w
   642  0006  00F2               	movwf	(??_ext+0)
   643  0007  0804               	movf	fsr0,w
   644  0008  00F3               	movwf	(??_ext+1)
   645  0009  080A               	movf	pclath,w
   646  000A  00F4               	movwf	(??_ext+2)
   647  000B  1283               	bcf	status, 5	;RP0=0, select bank0
   648  000C  1303               	bcf	status, 6	;RP1=0, select bank0
   649  000D  087F               	movf	btemp+1,w
   650  000E  00F5               	movwf	(??_ext+3)
   651  000F  120A  118A  2865   	ljmp	_ext
   652                           psect	text108
   653                           	line	8
   654                           	
   655  0065                     i1l949:	
   656                           ;main.c: 8: if(INTF==1)
   657  0065  1C8B               	btfss	(89/8),(89)&7
   658  0066  2868               	goto	u2_21
   659  0067  2869               	goto	u2_20
   660  0068                     u2_21:
   661  0068  2881               	goto	i1l568
   662  0069                     u2_20:
   663                           	line	10
   664                           	
   665  0069                     i1l951:	
   666                           ;main.c: 9: {
   667                           ;main.c: 10: RC0=1;
   668  0069  1407               	bsf	(56/8),(56)&7
   669                           	line	11
   670                           	
   671  006A                     i1l953:	
   672                           ;main.c: 11: delay(60000);
   673  006A  3060               	movlw	low(0EA60h)
   674  006B  00F0               	movwf	(?i1_delay)
   675  006C  30EA               	movlw	high(0EA60h)
   676  006D  00F1               	movwf	((?i1_delay))+1
   677  006E  120A  118A  20A0   	fcall	i1_delay
              120A  118A         
   678                           	line	12
   679                           ;main.c: 12: delay(60000);
   680  0073  3060               	movlw	low(0EA60h)
   681  0074  00F0               	movwf	(?i1_delay)
   682  0075  30EA               	movlw	high(0EA60h)
   683  0076  00F1               	movwf	((?i1_delay))+1
   684  0077  120A  118A  20A0   	fcall	i1_delay
              120A  118A         
   685                           	line	13
   686                           	
   687  007C                     i1l955:	
   688                           ;main.c: 13: RC0=0;
   689  007C  1283               	bcf	status, 5	;RP0=0, select bank0
   690  007D  1303               	bcf	status, 6	;RP1=0, select bank0
   691  007E  1007               	bcf	(56/8),(56)&7
   692                           	line	15
   693                           	
   694  007F                     i1l957:	
   695                           ;main.c: 15: INTF=0;
   696  007F  108B               	bcf	(89/8),(89)&7
   697  0080  2881               	goto	i1l568
   698                           	line	16
   699                           	
   700  0081                     i1l567:	
   701                           	line	17
   702                           	
   703  0081                     i1l568:	
   704  0081  0875               	movf	(??_ext+3),w
   705  0082  00FF               	movwf	btemp+1
   706  0083  0874               	movf	(??_ext+2),w
   707  0084  008A               	movwf	pclath
   708  0085  0873               	movf	(??_ext+1),w
   709  0086  0084               	movwf	fsr0
   710  0087  0872               	movf	(??_ext+0),w
   711  0088  0083               	movwf	status
   712  0089  0EFE               	swapf	saved_w,f
   713  008A  0E7E               	swapf	saved_w,w
   714  008B  0009               	retfie
   715                           	opt stack 0
   716                           GLOBAL	__end_of_ext
   717  008C                     	__end_of_ext:
   718 ;; =============== function _ext ends ============
   719                           
   720                           	signat	_ext,88
   721                           	global	i1_delay
   722                           psect	text109,local,class=CODE,delta=2
   723                           global __ptext109
   724  00A0                     __ptext109:
   725                           
   726 ;; *************** function i1_delay *****************
   727 ;; Defined at:
   728 ;;		line 3 in file "C:\Users\blackrider\Desktop\PIC course\Interrupt 7seg & LED\main.c"
   729 ;; Parameters:    Size  Location     Type
   730 ;;  delay           2    0[COMMON] unsigned int 
   731 ;; Auto vars:     Size  Location     Type
   732 ;;		None
   733 ;; Return value:  Size  Location     Type
   734 ;;		None               void
   735 ;; Registers used:
   736 ;;		wreg
   737 ;; Tracked objects:
   738 ;;		On entry : 0/0
   739 ;;		On exit  : 0/0
   740 ;;		Unchanged: 0/0
   741 ;; Data sizes:     COMMON   BANK0   BANK1   BANK3   BANK2
   742 ;;      Params:         2       0       0       0       0
   743 ;;      Locals:         0       0       0       0       0
   744 ;;      Temps:          0       0       0       0       0
   745 ;;      Totals:         2       0       0       0       0
   746 ;;Total ram usage:        2 bytes
   747 ;; Hardware stack levels used:    1
   748 ;; This function calls:
   749 ;;		Nothing
   750 ;; This function is called by:
   751 ;;		_ext
   752 ;; This function uses a non-reentrant model
   753 ;;
   754                           psect	text109
   755                           	file	"C:\Users\blackrider\Desktop\PIC course\Interrupt 7seg & LED\main.c"
   756                           	line	3
   757                           	global	__size_ofi1_delay
   758  0014                     	__size_ofi1_delay	equ	__end_ofi1_delay-i1_delay
   759                           	
   760  00A0                     i1_delay:	
   761                           	opt	stack 5
   762                           ; Regs used in i1_delay: [wreg]
   763                           	
   764  00A0                     i1l1749:	
   765  00A0  28A2               	goto	i1l1751
   766                           	
   767  00A1                     i1l562:	
   768  00A1  28A2               	goto	i1l1751
   769                           	
   770  00A2                     i1l561:	
   771                           	
   772  00A2                     i1l1751:	
   773  00A2  3001               	movlw	low(01h)
   774  00A3  02F0               	subwf	(i1delay@a),f
   775  00A4  3000               	movlw	high(01h)
   776  00A5  1C03               	skipc
   777  00A6  03F1               	decf	(i1delay@a+1),f
   778  00A7  02F1               	subwf	(i1delay@a+1),f
   779  00A8  30FF               	movlw	high(0FFFFh)
   780  00A9  0671               	xorwf	((i1delay@a+1)),w
   781  00AA  1D03               	skipz
   782  00AB  28AE               	goto	u217_25
   783  00AC  30FF               	movlw	low(0FFFFh)
   784  00AD  0670               	xorwf	((i1delay@a)),w
   785  00AE                     u217_25:
   786                           
   787  00AE  1D03               	skipz
   788  00AF  28B1               	goto	u217_21
   789  00B0  28B2               	goto	u217_20
   790  00B1                     u217_21:
   791  00B1  28A2               	goto	i1l1751
   792  00B2                     u217_20:
   793  00B2  28B3               	goto	i1l564
   794                           	
   795  00B3                     i1l563:	
   796                           	line	4
   797                           	
   798  00B3                     i1l564:	
   799  00B3  0008               	return
   800                           	opt stack 0
   801                           GLOBAL	__end_ofi1_delay
   802  00B4                     	__end_ofi1_delay:
   803 ;; =============== function i1_delay ends ============
   804                           
   805                           	signat	i1_delay,88
   806                           psect	text110,local,class=CODE,delta=2
   807                           global __ptext110
   808  0000                     __ptext110:
   809                           	global	btemp
   810  007E                     	btemp set 07Eh
   811                           
   812                           	DABS	1,126,2	;btemp
   813                           	global	wtemp0
   814  007E                     	wtemp0 set btemp


HI-TECH Software PICC Macro Assembler V9.80 build 6738 
Symbol Table                                                                                   Fri Dec 25 12:07:59 2015

                   pc 0002                    fsr 0004                   l561 008E                   l562 008D  
                 l563 009F                   l571 0024                   l564 009F                   l572 0039  
                 l573 0060                   l574 0061                   l575 0062                   l576 0062  
                 _GIE 005F                   _RC0 0038                   _ext 0065                   _seg 0020  
                 fsr0 0004                   indf 0000                  l1801 0039                  l1803 0041  
                l1805 004A                  l1807 0052                  l1781 008E                  l1791 001F  
                l1783 0015                  l1793 0020                  l1785 0019                  l1779 008C  
                l1795 0023                  l1787 001B                  l1797 002A                  l1789 001E  
                l1799 0038                  ?_ext 0070                  u2200 009E                  u2201 009D  
                u2210 0037                  u2211 0036                  u2220 005F                  u2205 009A  
                u2221 005E                  u2215 0033                  u2225 005B                  _INTE 005C  
                _INTF 0059                  _RBPU 040F                  u2_20 0069                  u2_21 0068  
                _main 0015                  btemp 007E       __end_ofi1_delay 00B4                  start 0012  
               ??_ext 0072                 ?_main 0070                 i1l561 00A2                 i1l562 00A1  
               i1l563 00B3                 i1l564 00B3                 i1l567 0081                 i1l568 0081  
               i1l951 0069                 i1l953 006A                 i1l955 007C                 i1l957 007F  
               i1l949 0065                 _PORTC 0007                 _PORTD 0008                 _TRISB 0086  
               _TRISC 0087                 _TRISD 0088                 _delay 008C                 pclath 000A  
               status 0003                 wtemp0 007E          __end_of_main 0065                ??_main 0078  
              ?_delay 0076             ??i1_delay 0072                i1l1751 00A2                i1l1749 00A0  
              _INTEDG 040E                u217_20 00B2                u217_21 00B1                u217_25 00AE  
              delay@a 0076                saved_w 007E        __pcstackCOMMON 0070          __pidataBANK0 00D7  
       __end_of_delay 00A0               ??_delay 0078            __pmaintext 0015            __pintentry 0004  
             i1_delay 00A0          __size_of_ext 0027  end_of_initialization 00C2               init_ram 00CA  
 start_initialization 00B4           __end_of_ext 008C           __pdataBANK0 0020         __pcstackBANK0 002A  
            ?i1_delay 0070             __ptext110 0000             __ptext107 008C             __ptext108 0065  
           __ptext109 00A0        __size_of_delay 0014     interrupt_function 0004             main@i_304 002A  
            i1delay@a 0070      __size_ofi1_delay 0014             init_fetch 00C6         __size_of_main 0050  
            intlevel1 0000  
