

HI-TECH Software PIC LITE Macro Assembler V9.80 build 6738 
                                                                                               Thu Dec 24 16:05:45 2015

HI-TECH Software Omniscient Code Generator (Lite mode) build 6738
     1  0000                     opt subtitle "HI-TECH Software Omniscient Code Generator (Lite mode) build 6738"
     2                           
     3                           opt pagewidth 120
     4                           
     5                           	opt lm
     6                           
     7                           	processor	16F877A
     8                           clrc	macro
     9                           	bcf	3,0
    10  0000                     	endm
    11                           clrz	macro
    12                           	bcf	3,2
    13  0000                     	endm
    14                           setc	macro
    15                           	bsf	3,0
    16  0000                     	endm
    17                           setz	macro
    18                           	bsf	3,2
    19  0000                     	endm
    20                           skipc	macro
    21                           	btfss	3,0
    22  0000                     	endm
    23                           skipz	macro
    24                           	btfss	3,2
    25  0000                     	endm
    26                           skipnc	macro
    27                           	btfsc	3,0
    28  0000                     	endm
    29                           skipnz	macro
    30                           	btfsc	3,2
    31  0000                     	endm
    32  0000                     indf	equ	0
    33  0000                     indf0	equ	0
    34  0002                     pc	equ	2
    35  0002                     pcl	equ	2
    36  0003                     status	equ	3
    37  0004                     fsr	equ	4
    38  0004                     fsr0	equ	4
    39  0001                     c	equ	1
    40  0000                     z	equ	0
    41  000A                     pclath	equ	10
    42                           	FNROOT	_main
    43                           	global	_PORTD
    44                           psect	maintext,global,class=CODE,delta=2
    45                           global __pmaintext
    46  07F2                     __pmaintext:
    47  0008                     _PORTD	set	8
    48                           	global	_T1CON
    49  0010                     _T1CON	set	16
    50                           	global	_TMR1H
    51  000F                     _TMR1H	set	15
    52                           	global	_TMR1L
    53  000E                     _TMR1L	set	14
    54                           	global	_RD0
    55  0040                     _RD0	set	64
    56                           	global	_RD1
    57  0041                     _RD1	set	65
    58                           	global	_TRISC
    59  0087                     _TRISC	set	135
    60                           	global	_TRISD
    61  0088                     _TRISD	set	136
    62                           	global	_RW
    63  04A2                     _RW	set	1186
    64                           	file	"Counter 16bit.as"
    65                           	line	#
    66                           psect cinit,class=CODE,delta=2
    67                           global start_initialization
    68  07EE                     start_initialization:
    69                           
    70                           psect cinit,class=CODE,delta=2
    71                           global end_of_initialization
    72                           
    73                           ;End of C runtime variable initialization code
    74                           
    75  07EE                     end_of_initialization:
    76  07EE  0183               clrf status
    77  07EF  120A  118A  2FF2   ljmp _main	;jump to C main() function
    78                           psect	cstackCOMMON,class=COMMON,space=1
    79                           global __pcstackCOMMON
    80  0000                     __pcstackCOMMON:
    81                           	global	?_main
    82  0000                     ?_main:	; 0 bytes @ 0x0
    83                           	global	??_main
    84  0000                     ??_main:	; 0 bytes @ 0x0
    85 ;;Data sizes: Strings 0, constant 0, data 0, bss 0, persistent 0 stack 0
    86 ;;Auto spaces:   Size  Autos    Used
    87 ;; COMMON          14      0       0
    88 ;; BANK0           80      0       0
    89 ;; BANK1           80      0       0
    90 ;; BANK3           96      0       0
    91 ;; BANK2           96      0       0
    92                           
    93 ;;
    94 ;; Pointer list with targets:
    95                           
    96                           
    97                           
    98 ;;
    99 ;; Critical Paths under _main in COMMON
   100 ;;
   101 ;;   None.
   102 ;;
   103 ;; Critical Paths under _main in BANK0
   104 ;;
   105 ;;   None.
   106 ;;
   107 ;; Critical Paths under _main in BANK1
   108 ;;
   109 ;;   None.
   110 ;;
   111 ;; Critical Paths under _main in BANK3
   112 ;;
   113 ;;   None.
   114 ;;
   115 ;; Critical Paths under _main in BANK2
   116 ;;
   117 ;;   None.
   118                           
   119 ;;
   120 ;;Main: autosize = 0, tempsize = 0, incstack = 0, save=0
   121 ;;
   122                           
   123 ;;
   124 ;;Call Graph Tables:
   125 ;;
   126 ;; ---------------------------------------------------------------------------------
   127 ;; (Depth) Function   	        Calls       Base Space   Used Autos Params    Refs
   128 ;; ---------------------------------------------------------------------------------
   129 ;; (0) _main                                                 0     0      0       0
   130 ;; ---------------------------------------------------------------------------------
   131 ;; Estimated maximum stack depth 0
   132 ;; ---------------------------------------------------------------------------------
   133                           
   134 ;; Call Graph Graphs:
   135                           
   136 ;; _main (ROOT)
   137 ;;
   138                           
   139 ;; Address spaces:
   140                           
   141 ;;Name               Size   Autos  Total    Cost      Usage
   142 ;;BITCOMMON            E      0       0       0        0.0%
   143 ;;EEDATA             100      0       0       0        0.0%
   144 ;;NULL                 0      0       0       0        0.0%
   145 ;;CODE                 0      0       0       0        0.0%
   146 ;;COMMON               E      0       0       1        0.0%
   147 ;;BITSFR0              0      0       0       1        0.0%
   148 ;;SFR0                 0      0       0       1        0.0%
   149 ;;BITSFR1              0      0       0       2        0.0%
   150 ;;SFR1                 0      0       0       2        0.0%
   151 ;;STACK                0      0       0       2        0.0%
   152 ;;ABS                  0      0       0       3        0.0%
   153 ;;BITBANK0            50      0       0       4        0.0%
   154 ;;BITSFR3              0      0       0       4        0.0%
   155 ;;SFR3                 0      0       0       4        0.0%
   156 ;;BANK0               50      0       0       5        0.0%
   157 ;;BITSFR2              0      0       0       5        0.0%
   158 ;;SFR2                 0      0       0       5        0.0%
   159 ;;BITBANK1            50      0       0       6        0.0%
   160 ;;BANK1               50      0       0       7        0.0%
   161 ;;BITBANK3            60      0       0       8        0.0%
   162 ;;BANK3               60      0       0       9        0.0%
   163 ;;BITBANK2            60      0       0      10        0.0%
   164 ;;BANK2               60      0       0      11        0.0%
   165 ;;DATA                 0      0       0      12        0.0%
   166                           
   167                           	global	_main
   168                           psect	maintext
   169                           
   170 ;; *************** function _main *****************
   171 ;; Defined at:
   172 ;;		line 6 in file "C:\Users\blackrider\Desktop\PIC course\Counter 16Bit\main.c"
   173 ;; Parameters:    Size  Location     Type
   174 ;;		None
   175 ;; Auto vars:     Size  Location     Type
   176 ;;		None
   177 ;; Return value:  Size  Location     Type
   178 ;;		None               void
   179 ;; Registers used:
   180 ;;		wreg, status,2
   181 ;; Tracked objects:
   182 ;;		On entry : 17F/0
   183 ;;		On exit  : 0/0
   184 ;;		Unchanged: 0/0
   185 ;; Data sizes:     COMMON   BANK0   BANK1   BANK3   BANK2
   186 ;;      Params:         0       0       0       0       0
   187 ;;      Locals:         0       0       0       0       0
   188 ;;      Temps:          0       0       0       0       0
   189 ;;      Totals:         0       0       0       0       0
   190 ;;Total ram usage:        0 bytes
   191 ;; This function calls:
   192 ;;		Nothing
   193 ;; This function is called by:
   194 ;;		Startup code after reset
   195 ;; This function uses a non-reentrant model
   196 ;;
   197                           psect	maintext
   198                           	file	"C:\Users\blackrider\Desktop\PIC course\Counter 16Bit\main.c"
   199                           	line	6
   200                           	global	__size_of_main
   201  000E                     	__size_of_main	equ	__end_of_main-_main
   202                           	
   203  07F2                     _main:	
   204                           	opt	stack 8
   205                           ; Regs used in _main: [wreg+status,2]
   206                           	
   207  07F2                     l1015:	
   208  07F2  1683               	bsf	status, 5	;RP0=1, select bank1
   209  07F3  1303               	bcf	status, 6	;RP1=0, select bank1
   210  07F4  0188               	clrf	(136)^080h	;volatile
   211                           	line	7
   212                           	
   213  07F5                     l1017:	
   214                           ;main.c: 7: TRISC=0x03;
   215  07F5  3003               	movlw	(03h)
   216  07F6  0087               	movwf	(135)^080h	;volatile
   217                           	line	9
   218                           	
   219  07F7                     l1019:	
   220                           ;main.c: 9: TMR1L=0x00;
   221  07F7  1283               	bcf	status, 5	;RP0=0, select bank0
   222  07F8  1303               	bcf	status, 6	;RP1=0, select bank0
   223  07F9  018E               	clrf	(14)	;volatile
   224                           	line	10
   225                           	
   226  07FA                     l1021:	
   227                           ;main.c: 10: TMR1H=0x00;
   228  07FA  018F               	clrf	(15)	;volatile
   229                           	line	11
   230                           	
   231  07FB                     l1023:	
   232                           ;main.c: 11: T1CON=0x03;
   233  07FB  3003               	movlw	(03h)
   234  07FC  0090               	movwf	(16)	;volatile
   235                           	line	13
   236                           	
   237  07FD                     l580:	
   238                           	global	start
   239  07FD  120A  118A  2800   	ljmp	start
   240                           	opt stack 0
   241                           GLOBAL	__end_of_main
   242  0800                     	__end_of_main:
   243 ;; =============== function _main ends ============
   244                           
   245                           	signat	_main,88
   246                           psect	maintext
   247                           	global	btemp
   248  007E                     	btemp set 07Eh
   249                           
   250                           	DABS	1,126,2	;btemp
   251                           	global	wtemp0
   252  007E                     	wtemp0 set btemp


HI-TECH Software PICC Macro Assembler V9.80 build 6738 
Symbol Table                                                                                   Thu Dec 24 16:05:45 2015

                  _RW 04A2                   l580 07FD                   _RD0 0040                   _RD1 0041  
                l1021 07FA                  l1023 07FB                  l1015 07F2                  l1017 07F5  
                l1019 07F7                  _main 07F2                  btemp 007E                  start 0000  
               ?_main 0000                 _T1CON 0010                 _TMR1H 000F                 _TMR1L 000E  
               _PORTD 0008                 _TRISC 0087                 _TRISD 0088                 status 0003  
               wtemp0 007E          __end_of_main 0800                ??_main 0000        __pcstackCOMMON 0000  
          __pmaintext 07F2  end_of_initialization 07EE   start_initialization 07EE         __size_of_main 000E  
