

HI-TECH Software PIC LITE Macro Assembler V9.80 build 6738 
                                                                                               Mon Dec 21 00:32:50 2015

HI-TECH Software Omniscient Code Generator (Lite mode) build 6738
     1  0000                     opt subtitle "HI-TECH Software Omniscient Code Generator (Lite mode) build 6738"
     2                           
     3                           opt pagewidth 120
     4                           
     5                           	opt lm
     6                           
     7                           	processor	16F877A
     8                           clrc	macro
     9                           	bcf	3,0
    10  0000                     	endm
    11                           clrz	macro
    12                           	bcf	3,2
    13  0000                     	endm
    14                           setc	macro
    15                           	bsf	3,0
    16  0000                     	endm
    17                           setz	macro
    18                           	bsf	3,2
    19  0000                     	endm
    20                           skipc	macro
    21                           	btfss	3,0
    22  0000                     	endm
    23                           skipz	macro
    24                           	btfss	3,2
    25  0000                     	endm
    26                           skipnc	macro
    27                           	btfsc	3,0
    28  0000                     	endm
    29                           skipnz	macro
    30                           	btfsc	3,2
    31  0000                     	endm
    32  0000                     indf	equ	0
    33  0000                     indf0	equ	0
    34  0002                     pc	equ	2
    35  0002                     pcl	equ	2
    36  0003                     status	equ	3
    37  0004                     fsr	equ	4
    38  0004                     fsr0	equ	4
    39  0001                     c	equ	1
    40  0000                     z	equ	0
    41  000A                     pclath	equ	10
    42                           	FNCALL	_main,_delay
    43                           	FNROOT	_main
    44                           	global	_PORTB
    45                           psect	maintext,global,class=CODE,delta=2
    46                           global __pmaintext
    47  07E1                     __pmaintext:
    48  0006                     _PORTB	set	6
    49                           	global	_TRISB
    50  0086                     _TRISB	set	134
    51                           	file	"ledblink.as"
    52                           	line	#
    53                           psect cinit,class=CODE,delta=2
    54                           global start_initialization
    55  07C9                     start_initialization:
    56                           
    57                           psect cinit,class=CODE,delta=2
    58                           global end_of_initialization
    59                           
    60                           ;End of C runtime variable initialization code
    61                           
    62  07C9                     end_of_initialization:
    63  07C9  0183               clrf status
    64  07CA  120A  118A  2FE1   ljmp _main	;jump to C main() function
    65                           psect	cstackCOMMON,class=COMMON,space=1
    66                           global __pcstackCOMMON
    67  0070                     __pcstackCOMMON:
    68                           	global	?_delay
    69  0070                     ?_delay:	; 0 bytes @ 0x0
    70                           	global	?_main
    71  0070                     ?_main:	; 0 bytes @ 0x0
    72                           	global	delay@a
    73  0070                     delay@a:	; 2 bytes @ 0x0
    74  0070                     	ds	2
    75                           	global	??_delay
    76  0072                     ??_delay:	; 0 bytes @ 0x2
    77                           	global	??_main
    78  0072                     ??_main:	; 0 bytes @ 0x2
    79 ;;Data sizes: Strings 0, constant 0, data 0, bss 0, persistent 0 stack 0
    80 ;;Auto spaces:   Size  Autos    Used
    81 ;; COMMON          14      2       2
    82 ;; BANK0           80      0       0
    83 ;; BANK1           80      0       0
    84 ;; BANK3           96      0       0
    85 ;; BANK2           96      0       0
    86                           
    87 ;;
    88 ;; Pointer list with targets:
    89                           
    90                           
    91                           
    92 ;;
    93 ;; Critical Paths under _main in COMMON
    94 ;;
    95 ;;   _main->_delay
    96 ;;
    97 ;; Critical Paths under _main in BANK0
    98 ;;
    99 ;;   None.
   100 ;;
   101 ;; Critical Paths under _main in BANK1
   102 ;;
   103 ;;   None.
   104 ;;
   105 ;; Critical Paths under _main in BANK3
   106 ;;
   107 ;;   None.
   108 ;;
   109 ;; Critical Paths under _main in BANK2
   110 ;;
   111 ;;   None.
   112                           
   113 ;;
   114 ;;Main: autosize = 0, tempsize = 0, incstack = 0, save=0
   115 ;;
   116                           
   117 ;;
   118 ;;Call Graph Tables:
   119 ;;
   120 ;; ---------------------------------------------------------------------------------
   121 ;; (Depth) Function   	        Calls       Base Space   Used Autos Params    Refs
   122 ;; ---------------------------------------------------------------------------------
   123 ;; (0) _main                                                 0     0      0      15
   124 ;;                              _delay
   125 ;; ---------------------------------------------------------------------------------
   126 ;; (1) _delay                                                2     0      2      15
   127 ;;                                              0 COMMON     2     0      2
   128 ;; ---------------------------------------------------------------------------------
   129 ;; Estimated maximum stack depth 1
   130 ;; ---------------------------------------------------------------------------------
   131                           
   132 ;; Call Graph Graphs:
   133                           
   134 ;; _main (ROOT)
   135 ;;   _delay
   136 ;;
   137                           
   138 ;; Address spaces:
   139                           
   140 ;;Name               Size   Autos  Total    Cost      Usage
   141 ;;BITCOMMON            E      0       0       0        0.0%
   142 ;;EEDATA             100      0       0       0        0.0%
   143 ;;NULL                 0      0       0       0        0.0%
   144 ;;CODE                 0      0       0       0        0.0%
   145 ;;COMMON               E      2       2       1       14.3%
   146 ;;BITSFR0              0      0       0       1        0.0%
   147 ;;SFR0                 0      0       0       1        0.0%
   148 ;;BITSFR1              0      0       0       2        0.0%
   149 ;;SFR1                 0      0       0       2        0.0%
   150 ;;STACK                0      0       1       2        0.0%
   151 ;;ABS                  0      0       0       3        0.0%
   152 ;;BITBANK0            50      0       0       4        0.0%
   153 ;;BITSFR3              0      0       0       4        0.0%
   154 ;;SFR3                 0      0       0       4        0.0%
   155 ;;BANK0               50      0       0       5        0.0%
   156 ;;BITSFR2              0      0       0       5        0.0%
   157 ;;SFR2                 0      0       0       5        0.0%
   158 ;;BITBANK1            50      0       0       6        0.0%
   159 ;;BANK1               50      0       0       7        0.0%
   160 ;;BITBANK3            60      0       0       8        0.0%
   161 ;;BANK3               60      0       0       9        0.0%
   162 ;;BITBANK2            60      0       0      10        0.0%
   163 ;;BANK2               60      0       0      11        0.0%
   164 ;;DATA                 0      0       0      12        0.0%
   165                           
   166                           	global	_main
   167                           psect	maintext
   168                           
   169 ;; *************** function _main *****************
   170 ;; Defined at:
   171 ;;		line 8 in file "C:\Users\blackrider\Desktop\PIC course\led\led.c"
   172 ;; Parameters:    Size  Location     Type
   173 ;;		None
   174 ;; Auto vars:     Size  Location     Type
   175 ;;		None
   176 ;; Return value:  Size  Location     Type
   177 ;;		None               void
   178 ;; Registers used:
   179 ;;		wreg, status,2, status,0, pclath, cstack
   180 ;; Tracked objects:
   181 ;;		On entry : 17F/0
   182 ;;		On exit  : 0/0
   183 ;;		Unchanged: 0/0
   184 ;; Data sizes:     COMMON   BANK0   BANK1   BANK3   BANK2
   185 ;;      Params:         0       0       0       0       0
   186 ;;      Locals:         0       0       0       0       0
   187 ;;      Temps:          0       0       0       0       0
   188 ;;      Totals:         0       0       0       0       0
   189 ;;Total ram usage:        0 bytes
   190 ;; Hardware stack levels required when called:    1
   191 ;; This function calls:
   192 ;;		_delay
   193 ;; This function is called by:
   194 ;;		Startup code after reset
   195 ;; This function uses a non-reentrant model
   196 ;;
   197                           psect	maintext
   198                           	file	"C:\Users\blackrider\Desktop\PIC course\led\led.c"
   199                           	line	8
   200                           	global	__size_of_main
   201  001F                     	__size_of_main	equ	__end_of_main-_main
   202                           	
   203  07E1                     _main:	
   204                           	opt	stack 7
   205                           ; Regs used in _main: [wreg+status,2+status,0+pclath+cstack]
   206                           	line	9
   207                           	
   208  07E1                     l1724:	
   209                           ;led.c: 9: TRISB=0x00;
   210  07E1  1683               	bsf	status, 5	;RP0=1, select bank1
   211  07E2  1303               	bcf	status, 6	;RP1=0, select bank1
   212  07E3  0186               	clrf	(134)^080h	;volatile
   213                           	line	10
   214                           	
   215  07E4                     l1726:	
   216                           ;led.c: 10: PORTB=0xFF;
   217  07E4  30FF               	movlw	(0FFh)
   218  07E5  1283               	bcf	status, 5	;RP0=0, select bank0
   219  07E6  1303               	bcf	status, 6	;RP1=0, select bank0
   220  07E7  0086               	movwf	(6)	;volatile
   221                           	line	11
   222                           	
   223  07E8                     l1728:	
   224                           ;led.c: 11: delay(1000);
   225  07E8  30E8               	movlw	low(03E8h)
   226  07E9  00F0               	movwf	(?_delay)
   227  07EA  3003               	movlw	high(03E8h)
   228  07EB  00F1               	movwf	((?_delay))+1
   229  07EC  120A  118A  27CD   	fcall	_delay
              120A  118A         
   230                           	line	12
   231                           	
   232  07F1                     l1730:	
   233                           ;led.c: 12: PORTB=0x00;
   234  07F1  1283               	bcf	status, 5	;RP0=0, select bank0
   235  07F2  1303               	bcf	status, 6	;RP1=0, select bank0
   236  07F3  0186               	clrf	(6)	;volatile
   237                           	line	13
   238                           	
   239  07F4                     l1732:	
   240                           ;led.c: 13: delay(1000);
   241  07F4  30E8               	movlw	low(03E8h)
   242  07F5  00F0               	movwf	(?_delay)
   243  07F6  3003               	movlw	high(03E8h)
   244  07F7  00F1               	movwf	((?_delay))+1
   245  07F8  120A  118A  27CD   	fcall	_delay
              120A  118A         
   246                           	line	14
   247                           	
   248  07FD                     l565:	
   249                           	global	start
   250  07FD  120A  118A  2800   	ljmp	start
   251                           	opt stack 0
   252                           GLOBAL	__end_of_main
   253  0800                     	__end_of_main:
   254 ;; =============== function _main ends ============
   255                           
   256                           	signat	_main,88
   257                           	global	_delay
   258                           psect	text55,local,class=CODE,delta=2
   259                           global __ptext55
   260  07CD                     __ptext55:
   261                           
   262 ;; *************** function _delay *****************
   263 ;; Defined at:
   264 ;;		line 3 in file "C:\Users\blackrider\Desktop\PIC course\led\led.c"
   265 ;; Parameters:    Size  Location     Type
   266 ;;  a               2    0[COMMON] unsigned int 
   267 ;; Auto vars:     Size  Location     Type
   268 ;;		None
   269 ;; Return value:  Size  Location     Type
   270 ;;		None               void
   271 ;; Registers used:
   272 ;;		wreg
   273 ;; Tracked objects:
   274 ;;		On entry : 0/0
   275 ;;		On exit  : 0/0
   276 ;;		Unchanged: 0/0
   277 ;; Data sizes:     COMMON   BANK0   BANK1   BANK3   BANK2
   278 ;;      Params:         2       0       0       0       0
   279 ;;      Locals:         0       0       0       0       0
   280 ;;      Temps:          0       0       0       0       0
   281 ;;      Totals:         2       0       0       0       0
   282 ;;Total ram usage:        2 bytes
   283 ;; Hardware stack levels used:    1
   284 ;; This function calls:
   285 ;;		Nothing
   286 ;; This function is called by:
   287 ;;		_main
   288 ;; This function uses a non-reentrant model
   289 ;;
   290                           psect	text55
   291                           	file	"C:\Users\blackrider\Desktop\PIC course\led\led.c"
   292                           	line	3
   293                           	global	__size_of_delay
   294  0014                     	__size_of_delay	equ	__end_of_delay-_delay
   295                           	
   296  07CD                     _delay:	
   297                           	opt	stack 7
   298                           ; Regs used in _delay: [wreg]
   299                           	line	4
   300                           	
   301  07CD                     l934:	
   302                           ;led.c: 4: while(a--);
   303  07CD  2FCF               	goto	l936
   304                           	
   305  07CE                     l560:	
   306  07CE  2FCF               	goto	l936
   307                           	
   308  07CF                     l559:	
   309                           	
   310  07CF                     l936:	
   311  07CF  3001               	movlw	low(01h)
   312  07D0  02F0               	subwf	(delay@a),f
   313  07D1  3000               	movlw	high(01h)
   314  07D2  1C03               	skipc
   315  07D3  03F1               	decf	(delay@a+1),f
   316  07D4  02F1               	subwf	(delay@a+1),f
   317  07D5  30FF               	movlw	high(0FFFFh)
   318  07D6  0671               	xorwf	((delay@a+1)),w
   319  07D7  1D03               	skipz
   320  07D8  2FDB               	goto	u15
   321  07D9  30FF               	movlw	low(0FFFFh)
   322  07DA  0670               	xorwf	((delay@a)),w
   323  07DB                     u15:
   324                           
   325  07DB  1D03               	skipz
   326  07DC  2FDE               	goto	u11
   327  07DD  2FDF               	goto	u10
   328  07DE                     u11:
   329  07DE  2FCF               	goto	l936
   330  07DF                     u10:
   331  07DF  2FE0               	goto	l562
   332                           	
   333  07E0                     l561:	
   334                           	line	5
   335                           	
   336  07E0                     l562:	
   337  07E0  0008               	return
   338                           	opt stack 0
   339                           GLOBAL	__end_of_delay
   340  07E1                     	__end_of_delay:
   341 ;; =============== function _delay ends ============
   342                           
   343                           	signat	_delay,4216
   344                           psect	text56,local,class=CODE,delta=2
   345                           global __ptext56
   346  0000                     __ptext56:
   347                           	global	btemp
   348  007E                     	btemp set 07Eh
   349                           
   350                           	DABS	1,126,2	;btemp
   351                           	global	wtemp0
   352  007E                     	wtemp0 set btemp


HI-TECH Software PICC Macro Assembler V9.80 build 6738 
Symbol Table                                                                                   Mon Dec 21 00:32:50 2015

                  u10 07DF                    u11 07DE                    u15 07DB                   l560 07CE  
                 l561 07E0                   l562 07E0                   l565 07FD                   l559 07CF  
                 l934 07CD                   l936 07CF                  l1730 07F1                  l1732 07F4  
                l1724 07E1                  l1726 07E4                  l1728 07E8                  _main 07E1  
                btemp 007E                  start 0000                 ?_main 0070                 _PORTB 0006  
               _TRISB 0086                 _delay 07CD                 status 0003                 wtemp0 007E  
        __end_of_main 0800                ??_main 0072                ?_delay 0070                delay@a 0070  
      __pcstackCOMMON 0070         __end_of_delay 07E1               ??_delay 0072            __pmaintext 07E1  
end_of_initialization 07C9   start_initialization 07C9        __size_of_delay 0014              __ptext55 07CD  
            __ptext56 0000         __size_of_main 001F  
