

HI-TECH Software PIC LITE Macro Assembler V9.70 build 5239 
                                                                                               Tue Apr 19 04:23:43 2016

HI-TECH Software Omniscient Code Generator (Lite mode) build 5239
     1  0000                     opt subtitle "HI-TECH Software Omniscient Code Generator (Lite mode) build 5239"
     2                           
     3                           opt pagewidth 120
     4                           
     5                           	opt lm
     6                           
     7                           	processor	16F877A
     8                           clrc	macro
     9                           	bcf	3,0
    10  0000                     	endm
    11                           clrz	macro
    12                           	bcf	3,2
    13  0000                     	endm
    14                           setc	macro
    15                           	bsf	3,0
    16  0000                     	endm
    17                           setz	macro
    18                           	bsf	3,2
    19  0000                     	endm
    20                           skipc	macro
    21                           	btfss	3,0
    22  0000                     	endm
    23                           skipz	macro
    24                           	btfss	3,2
    25  0000                     	endm
    26                           skipnc	macro
    27                           	btfsc	3,0
    28  0000                     	endm
    29                           skipnz	macro
    30                           	btfsc	3,2
    31  0000                     	endm
    32  0000                     indf	equ	0
    33  0000                     indf0	equ	0
    34  0002                     pc	equ	2
    35  0002                     pcl	equ	2
    36  0003                     status	equ	3
    37  0004                     fsr	equ	4
    38  0004                     fsr0	equ	4
    39  0001                     c	equ	1
    40  0000                     z	equ	0
    41  000A                     pclath	equ	10
    42                           ;COMMON:	_main->_lcd_command
    43                           ;COMMON:	_lcd_command->_delay
    44                           ;COMMON:	_main->_lcd_data
    45                           ;COMMON:	_lcd_data->_delay
    46                           	FNCALL	_main,_lcdinti
    47                           	FNCALL	_main,_lcd_command
    48                           	FNCALL	_main,_delay
    49                           	FNCALL	_main,_lcd_data
    50                           	FNCALL	_lcd_data,_delay
    51                           	FNCALL	_lcdinti,_lcd_command
    52                           	FNCALL	_lcd_command,_delay
    53                           	FNROOT	_main
    54                           	global	_ADCON0
    55                           psect	text14,local,class=CODE,delta=2
    56                           global __ptext14
    57  0003                     __ptext14:
    58  001F                     _ADCON0  equ     31
    59                           	global	_ADRESH
    60  001E                     _ADRESH  equ     30
    61                           	global	_CCP1CON
    62  0017                     _CCP1CON  equ     23
    63                           	global	_CCP2CON
    64  001D                     _CCP2CON  equ     29
    65                           	global	_CCPR1H
    66  0016                     _CCPR1H  equ     22
    67                           	global	_CCPR1L
    68  0015                     _CCPR1L  equ     21
    69                           	global	_CCPR2H
    70  001C                     _CCPR2H  equ     28
    71                           	global	_CCPR2L
    72  001B                     _CCPR2L  equ     27
    73                           	global	_FSR
    74  0004                     _FSR  equ     4
    75                           	global	_INDF
    76  0000                     _INDF  equ     0
    77                           	global	_INTCON
    78  000B                     _INTCON  equ     11
    79                           	global	_PCL
    80  0002                     _PCL  equ     2
    81                           	global	_PCLATH
    82  000A                     _PCLATH  equ     10
    83                           	global	_PIR1
    84  000C                     _PIR1  equ     12
    85                           	global	_PIR2
    86  000D                     _PIR2  equ     13
    87                           	global	_PORTA
    88  0005                     _PORTA  equ     5
    89                           	global	_PORTB
    90  0006                     _PORTB  equ     6
    91                           	global	_PORTC
    92  0007                     _PORTC  equ     7
    93                           	global	_PORTD
    94  0008                     _PORTD  equ     8
    95                           	global	_PORTE
    96  0009                     _PORTE  equ     9
    97                           	global	_RCREG
    98  001A                     _RCREG  equ     26
    99                           	global	_RCSTA
   100  0018                     _RCSTA  equ     24
   101                           	global	_SSPBUF
   102  0013                     _SSPBUF  equ     19
   103                           	global	_SSPCON
   104  0014                     _SSPCON  equ     20
   105                           	global	_STATUS
   106  0003                     _STATUS  equ     3
   107                           	global	_T1CON
   108  0010                     _T1CON  equ     16
   109                           	global	_T2CON
   110  0012                     _T2CON  equ     18
   111                           	global	_TMR0
   112  0001                     _TMR0  equ     1
   113                           	global	_TMR1H
   114  000F                     _TMR1H  equ     15
   115                           	global	_TMR1L
   116  000E                     _TMR1L  equ     14
   117                           	global	_TMR2
   118  0011                     _TMR2  equ     17
   119                           	global	_TXREG
   120  0019                     _TXREG  equ     25
   121                           	global	_ADCS0
   122  00FE                     _ADCS0  equ     254
   123                           	global	_ADCS1
   124  00FF                     _ADCS1  equ     255
   125                           	global	_ADDEN
   126  00C3                     _ADDEN  equ     195
   127                           	global	_ADGO
   128  00FA                     _ADGO  equ     250
   129                           	global	_ADIF
   130  0066                     _ADIF  equ     102
   131                           	global	_ADON
   132  00F8                     _ADON  equ     248
   133                           	global	_BCLIF
   134  006B                     _BCLIF  equ     107
   135                           	global	_CARRY
   136  0018                     _CARRY  equ     24
   137                           	global	_CCP1IF
   138  0062                     _CCP1IF  equ     98
   139                           	global	_CCP1M0
   140  00B8                     _CCP1M0  equ     184
   141                           	global	_CCP1M1
   142  00B9                     _CCP1M1  equ     185
   143                           	global	_CCP1M2
   144  00BA                     _CCP1M2  equ     186
   145                           	global	_CCP1M3
   146  00BB                     _CCP1M3  equ     187
   147                           	global	_CCP1X
   148  00BD                     _CCP1X  equ     189
   149                           	global	_CCP1Y
   150  00BC                     _CCP1Y  equ     188
   151                           	global	_CCP2IF
   152  0068                     _CCP2IF  equ     104
   153                           	global	_CCP2M0
   154  00E8                     _CCP2M0  equ     232
   155                           	global	_CCP2M1
   156  00E9                     _CCP2M1  equ     233
   157                           	global	_CCP2M2
   158  00EA                     _CCP2M2  equ     234
   159                           	global	_CCP2M3
   160  00EB                     _CCP2M3  equ     235
   161                           	global	_CCP2X
   162  00ED                     _CCP2X  equ     237
   163                           	global	_CCP2Y
   164  00EC                     _CCP2Y  equ     236
   165                           	global	_CHS0
   166  00FB                     _CHS0  equ     251
   167                           	global	_CHS1
   168  00FC                     _CHS1  equ     252
   169                           	global	_CHS2
   170  00FD                     _CHS2  equ     253
   171                           	global	_CKP
   172  00A4                     _CKP  equ     164
   173                           	global	_CMIF
   174  006E                     _CMIF  equ     110
   175                           	global	_CREN
   176  00C4                     _CREN  equ     196
   177                           	global	_DC
   178  0019                     _DC  equ     25
   179                           	global	_EEIF
   180  006C                     _EEIF  equ     108
   181                           	global	_FERR
   182  00C2                     _FERR  equ     194
   183                           	global	_GIE
   184  005F                     _GIE  equ     95
   185                           	global	_GODONE
   186  00FA                     _GODONE  equ     250
   187                           	global	_INTE
   188  005C                     _INTE  equ     92
   189                           	global	_INTF
   190  0059                     _INTF  equ     89
   191                           	global	_IRP
   192  001F                     _IRP  equ     31
   193                           	global	_OERR
   194  00C1                     _OERR  equ     193
   195                           	global	_PD
   196  001B                     _PD  equ     27
   197                           	global	_PEIE
   198  005E                     _PEIE  equ     94
   199                           	global	_PSPIF
   200  0067                     _PSPIF  equ     103
   201                           	global	_RA0
   202  0028                     _RA0  equ     40
   203                           	global	_RA1
   204  0029                     _RA1  equ     41
   205                           	global	_RA2
   206  002A                     _RA2  equ     42
   207                           	global	_RA3
   208  002B                     _RA3  equ     43
   209                           	global	_RA4
   210  002C                     _RA4  equ     44
   211                           	global	_RA5
   212  002D                     _RA5  equ     45
   213                           	global	_RB0
   214  0030                     _RB0  equ     48
   215                           	global	_RB1
   216  0031                     _RB1  equ     49
   217+                          	global	_RB2
   218+ 0032                     _RB2  equ     50
   219+                          	global	_RB3
   220+ 0033                     _RB3  equ     51
   221+                          	global	_RB4
   222+ 0034                     _RB4  equ     52
   223                           	global	_RB5
   224  0035                     _RB5  equ     53
   225+                          	global	_RB6
   226+ 0036                     _RB6  equ     54
   227+                          	global	_RB7
   228+ 0037                     _RB7  equ     55
   229+                          	global	_RBIE
   230+ 005B                     _RBIE  equ     91
   231+                          	global	_RBIF
   232+ 0058                     _RBIF  equ     88
   233+                          	global	_RC0
   234+ 0038                     _RC0  equ     56
   235                           	global	_RC1
   236  0039                     _RC1  equ     57
   237+                          	global	_RC2
   238+ 003A                     _RC2  equ     58
   239                           	global	_RC3
   240  003B                     _RC3  equ     59
   241+                          	global	_RC4
   242+ 003C                     _RC4  equ     60
   243+                          	global	_RC5
   244+ 003D                     _RC5  equ     61
   245+                          	global	_RC6
   246+ 003E                     _RC6  equ     62
   247+                          	global	_RC7
   248+ 003F                     _RC7  equ     63
   249+                          	global	_RCIF
   250+ 0065                     _RCIF  equ     101
   251                           	global	_RD0
   252  0040                     _RD0  equ     64
   253+                          	global	_RD1
   254+ 0041                     _RD1  equ     65
   255+                          	global	_RD2
   256+ 0042                     _RD2  equ     66
   257+                          	global	_RD3
   258+ 0043                     _RD3  equ     67
   259+                          	global	_RD4
   260+ 0044                     _RD4  equ     68
   261+                          	global	_RD5
   262+ 0045                     _RD5  equ     69
   263                           	global	_RD6
   264  0046                     _RD6  equ     70
   265+                          	global	_RD7
   266+ 0047                     _RD7  equ     71
   267                           	global	_RE0
   268  0048                     _RE0  equ     72
   269+                          	global	_RE1
   270+ 0049                     _RE1  equ     73
   271+                          	global	_RE2
   272+ 004A                     _RE2  equ     74
   273+                          	global	_RP0
   274+ 001D                     _RP0  equ     29
   275+                          	global	_RP1
   276+ 001E                     _RP1  equ     30
   277+                          	global	_RX9
   278+ 00C6                     _RX9  equ     198
   279                           	global	_RX9D
   280  00C0                     _RX9D  equ     192
   281+                          	global	_SPEN
   282+ 00C7                     _SPEN  equ     199
   283+                          	global	_SREN
   284+ 00C5                     _SREN  equ     197
   285+                          	global	_SSPEN
   286+ 00A5                     _SSPEN  equ     165
   287+                          	global	_SSPIF
   288+ 0063                     _SSPIF  equ     99
   289+                          	global	_SSPM0
   290+ 00A0                     _SSPM0  equ     160
   291                           	global	_SSPM1
   292  00A1                     _SSPM1  equ     161
   293+                          	global	_SSPM2
   294+ 00A2                     _SSPM2  equ     162
   295                           	global	_SSPM3
   296  00A3                     _SSPM3  equ     163
   297+                          	global	_SSPOV
   298+ 00A6                     _SSPOV  equ     166
   299+                          	global	_T0IE
   300+ 005D                     _T0IE  equ     93
   301+                          	global	_T0IF
   302+ 005A                     _T0IF  equ     90
   303+                          	global	_T1CKPS0
   304+ 0084                     _T1CKPS0  equ     132
   305+                          	global	_T1CKPS1
   306+ 0085                     _T1CKPS1  equ     133
   307                           	global	_T1OSCEN
   308  0083                     _T1OSCEN  equ     131
   309+                          	global	_T1SYNC
   310+ 0082                     _T1SYNC  equ     130
   311+                          	global	_T2CKPS0
   312+ 0090                     _T2CKPS0  equ     144
   313+                          	global	_T2CKPS1
   314+ 0091                     _T2CKPS1  equ     145
   315+                          	global	_TMR0IE
   316+ 005D                     _TMR0IE  equ     93
   317+                          	global	_TMR0IF
   318+ 005A                     _TMR0IF  equ     90
   319                           	global	_TMR1CS
   320  0081                     _TMR1CS  equ     129
   321+                          	global	_TMR1IF
   322+ 0060                     _TMR1IF  equ     96
   323                           	global	_TMR1ON
   324  0080                     _TMR1ON  equ     128
   325+                          	global	_TMR2IF
   326+ 0061                     _TMR2IF  equ     97
   327+                          	global	_TMR2ON
   328+ 0092                     _TMR2ON  equ     146
   329+                          	global	_TO
   330+ 001C                     _TO  equ     28
   331+                          	global	_TOUTPS0
   332+ 0093                     _TOUTPS0  equ     147
   333+                          	global	_TOUTPS1
   334+ 0094                     _TOUTPS1  equ     148
   335                           	global	_TOUTPS2
   336  0095                     _TOUTPS2  equ     149
   337                           	global	_TOUTPS3
   338  0096                     _TOUTPS3  equ     150
   339+                          	global	_TXIF
   340+ 0064                     _TXIF  equ     100
   341+                          	global	_WCOL
   342+ 00A7                     _WCOL  equ     167
   343                           	global	_ZERO
   344  001A                     _ZERO  equ     26
   345+                          	global	_ADCON1
   346+ 009F                     _ADCON1  equ     159
   347                           	global	_ADRESL
   348  009E                     _ADRESL  equ     158
   349+                          	global	_CMCON
   350+ 009C                     _CMCON  equ     156
   351                           	global	_CVRCON
   352  009D                     _CVRCON  equ     157
   353+                          	global	_OPTION
   354+ 0081                     _OPTION  equ     129
   355+                          	global	_PCON
   356+ 008E                     _PCON  equ     142
   357+                          	global	_PIE1
   358+ 008C                     _PIE1  equ     140
   359+                          	global	_PIE2
   360+ 008D                     _PIE2  equ     141
   361+                          	global	_PR2
   362+ 0092                     _PR2  equ     146
   363                           	global	_SPBRG
   364  0099                     _SPBRG  equ     153
   365                           	global	_SSPADD
   366  0093                     _SSPADD  equ     147
   367+                          	global	_SSPCON2
   368+ 0091                     _SSPCON2  equ     145
   369+                          	global	_SSPSTAT
   370+ 0094                     _SSPSTAT  equ     148
   371+                          	global	_TRISA
   372+ 0085                     _TRISA  equ     133
   373+                          	global	_TRISB
   374+ 0086                     _TRISB  equ     134
   375                           	global	_TRISC
   376  0087                     _TRISC  equ     135
   377+                          	global	_TRISD
   378+ 0088                     _TRISD  equ     136
   379                           	global	_TRISE
   380  0089                     _TRISE  equ     137
   381+                          	global	_TXSTA
   382+ 0098                     _TXSTA  equ     152
   383+                          	global	_ACKDT
   384+ 048D                     _ACKDT  equ     1165
   385+                          	global	_ACKEN
   386+ 048C                     _ACKEN  equ     1164
   387+                          	global	_ACKSTAT
   388+ 048E                     _ACKSTAT  equ     1166
   389+                          	global	_ADCS2
   390+ 04FE                     _ADCS2  equ     1278
   391                           	global	_ADFM
   392  04FF                     _ADFM  equ     1279
   393+                          	global	_ADIE
   394+ 0466                     _ADIE  equ     1126
   395+                          	global	_BCLIE
   396+ 046B                     _BCLIE  equ     1131
   397+                          	global	_BF
   398+ 04A0                     _BF  equ     1184
   399                           	global	_BOR
   400  0470                     _BOR  equ     1136
   401+                          	global	_BRGH
   402+ 04C2                     _BRGH  equ     1218
   403                           	global	_C1INV
   404  04E4                     _C1INV  equ     1252
   405+                          	global	_C1OUT
   406+ 04E6                     _C1OUT  equ     1254
   407+                          	global	_C2INV
   408+ 04E5                     _C2INV  equ     1253
   409+                          	global	_C2OUT
   410+ 04E7                     _C2OUT  equ     1255
   411+                          	global	_CCP1IE
   412+ 0462                     _CCP1IE  equ     1122
   413+                          	global	_CCP2IE
   414+ 0468                     _CCP2IE  equ     1128
   415+                          	global	_CIS
   416+ 04E3                     _CIS  equ     1251
   417                           	global	_CKE
   418  04A6                     _CKE  equ     1190
   419                           	global	_CM0
   420  04E0                     _CM0  equ     1248
   421                           	global	_CM1
   422  04E1                     _CM1  equ     1249
   423                           	global	_CM2
   424  04E2                     _CM2  equ     1250
   425                           	global	_CMIE
   426  046E                     _CMIE  equ     1134
   427                           	global	_CSRC
   428  04C7                     _CSRC  equ     1223
   429                           	global	_CVR0
   430  04E8                     _CVR0  equ     1256
   431                           	global	_CVR1
   432  04E9                     _CVR1  equ     1257
   433                           	global	_CVR2
   434  04EA                     _CVR2  equ     1258
   435                           	global	_CVR3
   436  04EB                     _CVR3  equ     1259
   437                           	global	_CVREN
   438  04EF                     _CVREN  equ     1263
   439                           	global	_CVROE
   440  04EE                     _CVROE  equ     1262
   441                           	global	_CVRR
   442  04ED                     _CVRR  equ     1261
   443                           	global	_DA
   444  04A5                     _DA  equ     1189
   445                           	global	_EEIE
   446  046C                     _EEIE  equ     1132
   447                           	global	_GCEN
   448  048F                     _GCEN  equ     1167
   449                           	global	_IBF
   450  044F                     _IBF  equ     1103
   451                           	global	_IBOV
   452  044D                     _IBOV  equ     1101
   453                           	global	_INTEDG
   454  040E                     _INTEDG  equ     1038
   455                           	global	_OBF
   456  044E                     _OBF  equ     1102
   457                           	global	_PCFG0
   458  04F8                     _PCFG0  equ     1272
   459                           	global	_PCFG1
   460  04F9                     _PCFG1  equ     1273
   461                           	global	_PCFG2
   462  04FA                     _PCFG2  equ     1274
   463                           	global	_PCFG3
   464  04FB                     _PCFG3  equ     1275
   465                           	global	_PEN
   466  048A                     _PEN  equ     1162
   467                           	global	_POR
   468  0471                     _POR  equ     1137
   469                           	global	_PS0
   470  0408                     _PS0  equ     1032
   471                           	global	_PS1
   472  0409                     _PS1  equ     1033
   473                           	global	_PS2
   474  040A                     _PS2  equ     1034
   475                           	global	_PSA
   476  040B                     _PSA  equ     1035
   477                           	global	_PSPIE
   478  0467                     _PSPIE  equ     1127
   479                           	global	_PSPMODE
   480  044C                     _PSPMODE  equ     1100
   481                           	global	_RBPU
   482  040F                     _RBPU  equ     1039
   483                           	global	_RCEN
   484  048B                     _RCEN  equ     1163
   485                           	global	_RCIE
   486  0465                     _RCIE  equ     1125
   487                           	global	_RSEN
   488  0489                     _RSEN  equ     1161
   489                           	global	_RW
   490  04A2                     _RW  equ     1186
   491                           	global	_SEN
   492  0488                     _SEN  equ     1160
   493                           	global	_SMP
   494  04A7                     _SMP  equ     1191
   495                           	global	_SSPIE
   496  0463                     _SSPIE  equ     1123
   497                           	global	_START
   498  04A3                     _START  equ     1187
   499                           	global	_STOP
   500  04A4                     _STOP  equ     1188
   501                           	global	_SYNC
   502  04C4                     _SYNC  equ     1220
   503                           	global	_T0CS
   504  040D                     _T0CS  equ     1037
   505                           	global	_T0SE
   506  040C                     _T0SE  equ     1036
   507                           	global	_TMR1IE
   508  0460                     _TMR1IE  equ     1120
   509                           	global	_TMR2IE
   510  0461                     _TMR2IE  equ     1121
   511                           	global	_TRISA0
   512  0428                     _TRISA0  equ     1064
   513                           	global	_TRISA1
   514  0429                     _TRISA1  equ     1065
   515                           	global	_TRISA2
   516  042A                     _TRISA2  equ     1066
   517                           	global	_TRISA3
   518  042B                     _TRISA3  equ     1067
   519                           	global	_TRISA4
   520  042C                     _TRISA4  equ     1068
   521                           	global	_TRISA5
   522  042D                     _TRISA5  equ     1069
   523                           	global	_TRISB0
   524  0430                     _TRISB0  equ     1072
   525                           	global	_TRISB1
   526  0431                     _TRISB1  equ     1073
   527                           	global	_TRISB2
   528  0432                     _TRISB2  equ     1074
   529                           	global	_TRISB3
   530  0433                     _TRISB3  equ     1075
   531                           	global	_TRISB4
   532  0434                     _TRISB4  equ     1076
   533                           	global	_TRISB5
   534  0435                     _TRISB5  equ     1077
   535                           	global	_TRISB6
   536  0436                     _TRISB6  equ     1078
   537                           	global	_TRISB7
   538  0437                     _TRISB7  equ     1079
   539                           	global	_TRISC0
   540  0438                     _TRISC0  equ     1080
   541                           	global	_TRISC1
   542  0439                     _TRISC1  equ     1081
   543                           	global	_TRISC2
   544  043A                     _TRISC2  equ     1082
   545                           	global	_TRISC3
   546  043B                     _TRISC3  equ     1083
   547                           	global	_TRISC4
   548  043C                     _TRISC4  equ     1084
   549                           	global	_TRISC5
   550  043D                     _TRISC5  equ     1085
   551                           	global	_TRISC6
   552  043E                     _TRISC6  equ     1086
   553                           	global	_TRISC7
   554  043F                     _TRISC7  equ     1087
   555                           	global	_TRISD0
   556  0440                     _TRISD0  equ     1088
   557                           	global	_TRISD1
   558  0441                     _TRISD1  equ     1089
   559                           	global	_TRISD2
   560  0442                     _TRISD2  equ     1090
   561                           	global	_TRISD3
   562  0443                     _TRISD3  equ     1091
   563                           	global	_TRISD4
   564  0444                     _TRISD4  equ     1092
   565                           	global	_TRISD5
   566  0445                     _TRISD5  equ     1093
   567                           	global	_TRISD6
   568  0446                     _TRISD6  equ     1094
   569                           	global	_TRISD7
   570  0447                     _TRISD7  equ     1095
   571                           	global	_TRISE0
   572  0448                     _TRISE0  equ     1096
   573                           	global	_TRISE1
   574  0449                     _TRISE1  equ     1097
   575                           	global	_TRISE2
   576  044A                     _TRISE2  equ     1098
   577                           	global	_TRMT
   578  04C1                     _TRMT  equ     1217
   579                           	global	_TX9
   580  04C6                     _TX9  equ     1222
   581                           	global	_TX9D
   582  04C0                     _TX9D  equ     1216
   583                           	global	_TXEN
   584  04C5                     _TXEN  equ     1221
   585                           	global	_TXIE
   586  0464                     _TXIE  equ     1124
   587                           	global	_UA
   588  04A1                     _UA  equ     1185
   589                           	global	_EEADR
   590  010D                     _EEADR  equ     269
   591                           	global	_EEADRH
   592  010F                     _EEADRH  equ     271
   593                           	global	_EEADRL
   594  010D                     _EEADRL  equ     269
   595                           	global	_EEDATA
   596  010C                     _EEDATA  equ     268
   597                           	global	_EEDATH
   598  010E                     _EEDATH  equ     270
   599                           	global	_EECON1
   600  018C                     _EECON1  equ     396
   601                           	global	_EECON2
   602  018D                     _EECON2  equ     397
   603                           	global	_EEPGD
   604  0C67                     _EEPGD  equ     3175
   605                           	global	_RD
   606  0C60                     _RD  equ     3168
   607                           	global	_WR
   608  0C61                     _WR  equ     3169
   609                           	global	_WREN
   610  0C62                     _WREN  equ     3170
   611                           	global	_WRERR
   612  0C63                     _WRERR  equ     3171
   613                           	file	"lcd.as"
   614                           	line	#
   615                           psect cinit,class=CODE,delta=2
   616                           global start_initialization
   617  075A                     start_initialization:
   618                           
   619                           psect cinit,class=CODE,delta=2
   620                           global end_of_initialization
   621                           
   622                           ;End of C runtime variable initationation code
   623                           
   624  075A                     end_of_initialization:
   625  075A  0183               clrf status
   626  075B  120A  118A  2FB8   ljmp _main	;jump to C main() function
   627                           psect	cstackCOMMON,class=COMMON,space=1
   628                           global __pcstackCOMMON
   629  0070                     __pcstackCOMMON:
   630                           	global	??_lcdinti
   631  0070                     ??_lcdinti: ;@ 0x0
   632                           	global	??_lcd_command
   633  0070                     ??_lcd_command: ;@ 0x0
   634                           	global	??_lcd_data
   635  0070                     ??_lcd_data: ;@ 0x0
   636                           	global	??_delay
   637  0070                     ??_delay: ;@ 0x0
   638                           	global	?_delay
   639  0070                     ?_delay: ;@ 0x0
   640                           	global	??_main
   641  0070                     ??_main: ;@ 0x0
   642                           	global	delay@y
   643  0070                     delay@y:	; 2 bytes @ 0x0
   644  0070                     	ds	2
   645                           	global	lcd_command@com
   646  0072                     lcd_command@com:	; 1 bytes @ 0x2
   647                           	global	lcd_data@data
   648  0072                     lcd_data@data:	; 1 bytes @ 0x2
   649  0072                     	ds	1
   650                           	global	?_lcd_command
   651  0073                     ?_lcd_command: ;@ 0x3
   652                           	global	?_lcd_data
   653  0073                     ?_lcd_data: ;@ 0x3
   654                           	global	?_lcdinti
   655  0073                     ?_lcdinti: ;@ 0x3
   656                           	global	main@a
   657  0073                     main@a:	; 1 bytes @ 0x3
   658  0073                     	ds	1
   659                           	global	?_main
   660  0074                     ?_main: ;@ 0x4
   661                           ;Data sizes: Strings 0, constant 0, data 0, bss 0, persistent 0 stack 0
   662                           ;Auto spaces:   Size  Autos    Used
   663                           ; COMMON          14      4       4
   664                           ; BANK0           80      0       0
   665                           ; BANK1           80      0       0
   666                           ; BANK3           96      0       0
   667                           ; BANK2           96      0       0
   668                           
   669                           
   670                           ;Pointer list with targets:
   671                           
   672                           
   673                           
   674                           ;Main: autosize = 0, tempsize = 0, incstack = 0, save=0
   675                           
   676                           
   677                           ;Call graph:                      Base Space Used Autos Args Refs Density
   678                           ;_main                                                1    0   80   0.00
   679                           ;                                    3 COMMO    1
   680                           ;            _lcdinti
   681                           ;        _lcd_command
   682                           ;              _delay
   683                           ;           _lcd_data
   684                           ;  _lcd_data                                          1    0   20   0.00
   685                           ;                                    2 COMMO    1
   686                           ;              _delay
   687                           ;  _lcdinti                                           0    0   20   0.00
   688                           ;        _lcd_command
   689                           ;    _lcd_command                                     1    0   20   0.00
   690                           ;                                    2 COMMO    1
   691                           ;              _delay
   692                           ;      _delay                                         0    2   10   0.00
   693                           ;                                    0 COMMO    2
   694                           ; Estimated maximum call depth 3
   695                           ; Address spaces:
   696                           
   697                           ;Name               Size   Autos  Total    Cost      Usage
   698                           ;BITCOMMON            E      0       0       0        0.0%
   699                           ;CODE                 0      0       0       0        0.0%
   700                           ;NULL                 0      0       0       0        0.0%
   701                           ;COMMON               E      4       4       1       28.6%
   702                           ;SFR0                 0      0       0       1        0.0%
   703                           ;BITSFR0              0      0       0       1        0.0%
   704                           ;BITSFR1              0      0       0       2        0.0%
   705                           ;SFR1                 0      0       0       2        0.0%
   706                           ;ABS                  0      0       0       2        0.0%
   707                           ;STACK                0      0       0       3        0.0%
   708                           ;BITBANK0            50      0       0       4        0.0%
   709                           ;SFR3                 0      0       0       4        0.0%
   710                           ;BITSFR3              0      0       0       4        0.0%
   711                           ;BANK0               50      0       0       5        0.0%
   712                           ;BITSFR2              0      0       0       5        0.0%
   713                           ;SFR2                 0      0       0       5        0.0%
   714                           ;BITBANK1            50      0       0       6        0.0%
   715                           ;BANK1               50      0       0       7        0.0%
   716                           ;BITBANK3            60      0       0       8        0.0%
   717                           ;BANK3               60      0       0       9        0.0%
   718                           ;BITBANK2            60      0       0      10        0.0%
   719                           ;BANK2               60      0       0      11        0.0%
   720                           ;DATA                 0      0       0      12        0.0%
   721                           ;EEDATA             100      0       0    1000        0.0%
   722                           
   723                           	global	_main
   724                           psect	maintext,local,class=CODE,delta=2
   725                           global __pmaintext
   726  07B8                     __pmaintext:
   727                           
   728                           ; *************** function _main *****************
   729                           ; Defined at:
   730                           ;		line 42 in file "D:\PIC\I2C\lcd\lcd1.c"
   731                           ; Parameters:    Size  Location     Type
   732                           ;		None
   733                           ; Auto vars:     Size  Location     Type
   734                           ;  a               1    3[COMMON] unsigned char 
   735                           ; Return value:  Size  Location     Type
   736                           ;		None               void
   737                           ; Registers used:
   738                           ;		wreg, status,2, status,0, pclath, cstack
   739                           ; Tracked objects:
   740                           ;		On entry : 17F/0
   741                           ;		On exit  : 0/0
   742                           ;		Unchanged: 0/0
   743                           ; Data sizes:     COMMON   BANK0   BANK1   BANK3   BANK2
   744                           ;      Locals:         1       0       0       0       0
   745                           ;      Temp:     0
   746                           ;      Total:    1
   747                           ; This function calls:
   748                           ;		_lcdinti
   749                           ;		_lcd_command
   750                           ;		_delay
   751                           ;		_lcd_data
   752                           ; This function is called by:
   753                           ;		Startup code after reset
   754                           ; This function uses a non-reentrant model
   755                           ; 
   756                           psect	maintext
   757                           	file	"D:\PIC\I2C\lcd\lcd1.c"
   758                           	line	42
   759                           	global	__size_of_main
   760  0048                     	__size_of_main	equ	__end_of_main-_main
   761                           ;lcd1.c: 41: void main()
   762                           ;lcd1.c: 42: {
   763                           	
   764  07B8                     _main:	
   765                           	opt stack 8
   766                           ; Regs used in _main: [wreg+status,2+status,0+pclath+cstack]
   767                           	line	43
   768                           	
   769  07B8                     l30000385:	
   770                           ;lcd1.c: 43: ADCON1=0X06;
   771  07B8  3006               	movlw	(06h)
   772  07B9  1683               	bsf	status, 5	;RP0=1, select bank1
   773  07BA  1303               	bcf	status, 6	;RP1=0, select bank1
   774  07BB  009F               	movwf	(159)^080h	;volatile
   775                           	
   776  07BC                     l30000386:	
   777                           	line	44
   778                           ;lcd1.c: 44: TRISE=0X00;
   779  07BC  1003               	clrc
   780  07BD  3000               	movlw	0
   781  07BE  1803               	btfsc	status,0
   782  07BF  3001               	movlw	1
   783  07C0  0089               	movwf	(137)^080h	;volatile
   784                           	
   785  07C1                     l30000387:	
   786                           	line	45
   787                           ;lcd1.c: 45: TRISD=0X00;
   788  07C1  1003               	clrc
   789  07C2  3000               	movlw	0
   790  07C3  1803               	btfsc	status,0
   791  07C4  3001               	movlw	1
   792  07C5  0088               	movwf	(136)^080h	;volatile
   793                           	line	46
   794                           ;lcd1.c: 46: TRISC=0XFF;
   795  07C6  30FF               	movlw	(0FFh)
   796  07C7  0087               	movwf	(135)^080h	;volatile
   797                           	line	47
   798                           ;lcd1.c: 47: PORTE=PORTD=0X00;
   799  07C8  3000               	movlw	(0)
   800  07C9  1283               	bcf	status, 5	;RP0=0, select bank0
   801  07CA  1303               	bcf	status, 6	;RP1=0, select bank0
   802  07CB  0088               	movwf	(8)	;volatile
   803  07CC  0089               	movwf	(9)	;volatile
   804                           	
   805  07CD                     l30000388:	
   806                           	line	48
   807                           ;lcd1.c: 48: lcdinti();
   808  07CD  120A  118A  2799   	fcall	_lcdinti
              120A  118A         
   809                           	
   810  07D2                     l30000389:	
   811                           	line	49
   812                           ;lcd1.c: 49: SSPSTAT=0x80;
   813  07D2  3080               	movlw	(080h)
   814  07D3  1683               	bsf	status, 5	;RP0=1, select bank1
   815  07D4  1303               	bcf	status, 6	;RP1=0, select bank1
   816  07D5  0094               	movwf	(148)^080h	;volatile
   817                           	
   818  07D6                     l30000390:	
   819                           	line	50
   820                           ;lcd1.c: 50: SSPCON=0x26;
   821  07D6  3026               	movlw	(026h)
   822  07D7  1283               	bcf	status, 5	;RP0=0, select bank0
   823  07D8  1303               	bcf	status, 6	;RP1=0, select bank0
   824  07D9  0094               	movwf	(20)	;volatile
   825                           	
   826  07DA                     l30000391:	
   827                           	line	51
   828                           ;lcd1.c: 51: SSPADD=0X80;
   829  07DA  3080               	movlw	(080h)
   830  07DB  1683               	bsf	status, 5	;RP0=1, select bank1
   831  07DC  1303               	bcf	status, 6	;RP1=0, select bank1
   832  07DD  0093               	movwf	(147)^080h	;volatile
   833                           	
   834  07DE                     l10:	
   835                           	line	54
   836                           ;lcd1.c: 53: {
   837                           ;lcd1.c: 54: lcd_command(0X80);
   838  07DE  3080               	movlw	(080h)
   839  07DF  120A  118A  276F   	fcall	_lcd_command
              120A  118A         
   840                           	
   841  07E4                     l12:	
   842                           	line	56
   843  07E4  1283               	bcf	status, 5	;RP0=0, select bank0
   844  07E5  1303               	bcf	status, 6	;RP1=0, select bank0
   845  07E6  1D8C               	btfss	(99/8),(99)&7
   846  07E7  2FE9               	goto	u21
   847  07E8  2FEA               	goto	u20
   848  07E9                     u21:
   849  07E9  2FE4               	goto	l12
   850  07EA                     u20:
   851                           	
   852  07EA                     l14:	
   853                           	line	57
   854                           ;lcd1.c: 57: SSPIF=0;
   855  07EA  118C               	bcf	(99/8),(99)&7
   856                           	
   857  07EB                     l30000392:	
   858                           	line	58
   859                           ;lcd1.c: 58: a=SSPBUF;
   860  07EB  0813               	movf	(19),w	;volatile
   861  07EC  00F3               	movwf	(main@a)
   862                           	
   863  07ED                     l30000393:	
   864                           	line	59
   865                           ;lcd1.c: 59: delay(1000);
   866  07ED  30E8               	movlw	low(03E8h)
   867  07EE  00F0               	movwf	(?_delay)
   868  07EF  3003               	movlw	high(03E8h)
   869  07F0  00F1               	movwf	((?_delay))+1
   870  07F1  120A  118A  275E   	fcall	_delay
              120A  118A         
   871                           	
   872  07F6                     l30000394:	
   873                           	line	60
   874                           ;lcd1.c: 60: lcd_data(a);
   875  07F6  0873               	movf	(main@a),w
   876  07F7  120A  118A  2784   	fcall	_lcd_data
              120A  118A         
   877  07FC  2FDE               	goto	l10
   878                           	global	start
   879  07FD  120A  118A  2800   	ljmp	start
   880                           	opt stack 0
   881                           GLOBAL	__end_of_main
   882  0800                     	__end_of_main:
   883                           ; =============== function _main ends ============
   884                           
   885                           psect	maintext
   886                           	line	62
   887                           	signat	_main,88
   888                           	global	_lcd_data
   889                           psect	text15,local,class=CODE,delta=2
   890                           global __ptext15
   891  0784                     __ptext15:
   892                           
   893                           ; *************** function _lcd_data *****************
   894                           ; Defined at:
   895                           ;		line 23 in file "D:\PIC\I2C\lcd\lcd1.c"
   896                           ; Parameters:    Size  Location     Type
   897                           ;  data            1    wreg     unsigned char 
   898                           ; Auto vars:     Size  Location     Type
   899                           ;  data            1    2[COMMON] unsigned char 
   900                           ; Return value:  Size  Location     Type
   901                           ;		None               void
   902                           ; Registers used:
   903                           ;		wreg, status,2, status,0, pclath, cstack
   904                           ; Tracked objects:
   905                           ;		On entry : 0/0
   906                           ;		On exit  : 0/0
   907                           ;		Unchanged: 0/0
   908                           ; Data sizes:     COMMON   BANK0   BANK1   BANK3   BANK2
   909                           ;      Locals:         1       0       0       0       0
   910                           ;      Temp:     0
   911                           ;      Total:    1
   912                           ; This function calls:
   913                           ;		_delay
   914                           ; This function is called by:
   915                           ;		_main
   916                           ; This function uses a non-reentrant model
   917                           ; 
   918                           psect	text15
   919                           	file	"D:\PIC\I2C\lcd\lcd1.c"
   920                           	line	23
   921                           	global	__size_of_lcd_data
   922  0015                     	__size_of_lcd_data	equ	__end_of_lcd_data-_lcd_data
   923                           ;lcd1.c: 22: void lcd_data(unsigned char data)
   924                           ;lcd1.c: 23: {
   925                           	
   926  0784                     _lcd_data:	
   927                           	opt stack 7
   928                           ; Regs used in _lcd_data: [wreg+status,2+status,0+pclath+cstack]
   929                           ;lcd_data@data stored from wreg
   930  0784  00F2               	movwf	(lcd_data@data)
   931                           	
   932  0785                     l30000378:	
   933                           	line	24
   934                           ;lcd1.c: 24: PORTD=data;
   935  0785  0872               	movf	(lcd_data@data),w
   936  0786  1283               	bcf	status, 5	;RP0=0, select bank0
   937  0787  1303               	bcf	status, 6	;RP1=0, select bank0
   938  0788  0088               	movwf	(8)	;volatile
   939                           	
   940  0789                     l30000379:	
   941                           	line	25
   942                           ;lcd1.c: 25: RE0=1;
   943  0789  1409               	bsf	(72/8),(72)&7
   944                           	
   945  078A                     l30000380:	
   946                           	line	26
   947                           ;lcd1.c: 26: RE1=0;
   948  078A  1089               	bcf	(73/8),(73)&7
   949                           	
   950  078B                     l30000381:	
   951                           	line	27
   952                           ;lcd1.c: 27: RE2=1;
   953  078B  1509               	bsf	(74/8),(74)&7
   954                           	
   955  078C                     l30000382:	
   956                           	line	28
   957                           ;lcd1.c: 28: delay(200);
   958  078C  30C8               	movlw	low(0C8h)
   959  078D  00F0               	movwf	(?_delay)
   960  078E  3000               	movlw	high(0C8h)
   961  078F  00F1               	movwf	((?_delay))+1
   962  0790  120A  118A  275E   	fcall	_delay
              120A  118A         
   963                           	
   964  0795                     l30000383:	
   965                           	line	29
   966                           ;lcd1.c: 29: RE2=0;
   967  0795  1283               	bcf	status, 5	;RP0=0, select bank0
   968  0796  1303               	bcf	status, 6	;RP1=0, select bank0
   969  0797  1109               	bcf	(74/8),(74)&7
   970                           	
   971  0798                     l6:	
   972  0798  0008               	return
   973                           	opt stack 0
   974                           GLOBAL	__end_of_lcd_data
   975  0799                     	__end_of_lcd_data:
   976                           ; =============== function _lcd_data ends ============
   977                           
   978                           psect	text16,local,class=CODE,delta=2
   979                           global __ptext16
   980  0799                     __ptext16:
   981                           	line	30
   982                           	signat	_lcd_data,4216
   983                           	global	_lcdinti
   984                           
   985                           ; *************** function _lcdinti *****************
   986                           ; Defined at:
   987                           ;		line 33 in file "D:\PIC\I2C\lcd\lcd1.c"
   988                           ; Parameters:    Size  Location     Type
   989                           ;		None
   990                           ; Auto vars:     Size  Location     Type
   991                           ;		None
   992                           ; Return value:  Size  Location     Type
   993                           ;		None               void
   994                           ; Registers used:
   995                           ;		wreg, status,2, status,0, pclath, cstack
   996                           ; Tracked objects:
   997                           ;		On entry : 0/0
   998                           ;		On exit  : 0/0
   999                           ;		Unchanged: 0/0
  1000                           ; Data sizes:     COMMON   BANK0   BANK1   BANK3   BANK2
  1001                           ;      Locals:         0       0       0       0       0
  1002                           ;      Temp:     0
  1003                           ;      Total:    0
  1004                           ; This function calls:
  1005                           ;		_lcd_command
  1006                           ; This function is called by:
  1007                           ;		_main
  1008                           ; This function uses a non-reentrant model
  1009                           ; 
  1010                           psect	text16
  1011                           	file	"D:\PIC\I2C\lcd\lcd1.c"
  1012                           	line	33
  1013                           	global	__size_of_lcdinti
  1014  001F                     	__size_of_lcdinti	equ	__end_of_lcdinti-_lcdinti
  1015                           ;lcd1.c: 32: void lcdinti()
  1016                           ;lcd1.c: 33: {
  1017                           	
  1018  0799                     _lcdinti:	
  1019                           	opt stack 7
  1020                           ; Regs used in _lcdinti: [wreg+status,2+status,0+pclath+cstack]
  1021                           	line	34
  1022                           	
  1023  0799                     l30000384:	
  1024                           ;lcd1.c: 34: lcd_command(0X38);
  1025  0799  3038               	movlw	(038h)
  1026  079A  120A  118A  276F   	fcall	_lcd_command
              120A  118A         
  1027                           	line	35
  1028                           ;lcd1.c: 35: lcd_command(0X06);
  1029  079F  3006               	movlw	(06h)
  1030  07A0  120A  118A  276F   	fcall	_lcd_command
              120A  118A         
  1031                           	line	36
  1032                           ;lcd1.c: 36: lcd_command(0X0C);
  1033  07A5  300C               	movlw	(0Ch)
  1034  07A6  120A  118A  276F   	fcall	_lcd_command
              120A  118A         
  1035                           	line	37
  1036                           ;lcd1.c: 37: lcd_command(0X01);
  1037  07AB  3001               	movlw	(01h)
  1038  07AC  120A  118A  276F   	fcall	_lcd_command
              120A  118A         
  1039                           	line	38
  1040                           ;lcd1.c: 38: lcd_command(0X80);
  1041  07B1  3080               	movlw	(080h)
  1042  07B2  120A  118A  276F   	fcall	_lcd_command
              120A  118A         
  1043                           	
  1044  07B7                     l7:	
  1045  07B7  0008               	return
  1046                           	opt stack 0
  1047                           GLOBAL	__end_of_lcdinti
  1048  07B8                     	__end_of_lcdinti:
  1049                           ; =============== function _lcdinti ends ============
  1050                           
  1051                           psect	text17,local,class=CODE,delta=2
  1052                           global __ptext17
  1053  076F                     __ptext17:
  1054                           	line	39
  1055                           	signat	_lcdinti,88
  1056                           	global	_lcd_command
  1057                           
  1058                           ; *************** function _lcd_command *****************
  1059                           ; Defined at:
  1060                           ;		line 13 in file "D:\PIC\I2C\lcd\lcd1.c"
  1061                           ; Parameters:    Size  Location     Type
  1062                           ;  com             1    wreg     unsigned char 
  1063                           ; Auto vars:     Size  Location     Type
  1064                           ;  com             1    2[COMMON] unsigned char 
  1065                           ; Return value:  Size  Location     Type
  1066                           ;		None               void
  1067                           ; Registers used:
  1068                           ;		wreg, status,2, status,0, pclath, cstack
  1069                           ; Tracked objects:
  1070                           ;		On entry : 0/0
  1071                           ;		On exit  : 0/0
  1072                           ;		Unchanged: 0/0
  1073                           ; Data sizes:     COMMON   BANK0   BANK1   BANK3   BANK2
  1074                           ;      Locals:         1       0       0       0       0
  1075                           ;      Temp:     0
  1076                           ;      Total:    1
  1077                           ; This function calls:
  1078                           ;		_delay
  1079                           ; This function is called by:
  1080                           ;		_lcdinti
  1081                           ;		_main
  1082                           ; This function uses a non-reentrant model
  1083                           ; 
  1084                           psect	text17
  1085                           	file	"D:\PIC\I2C\lcd\lcd1.c"
  1086                           	line	13
  1087                           	global	__size_of_lcd_command
  1088  0015                     	__size_of_lcd_command	equ	__end_of_lcd_command-_lcd_command
  1089                           ;lcd1.c: 12: void lcd_command(unsigned char com)
  1090                           ;lcd1.c: 13: {
  1091                           	
  1092  076F                     _lcd_command:	
  1093                           	opt stack 6
  1094                           ; Regs used in _lcd_command: [wreg+status,2+status,0+pclath+cstack]
  1095                           ;lcd_command@com stored from wreg
  1096  076F  00F2               	movwf	(lcd_command@com)
  1097                           	
  1098  0770                     l30000372:	
  1099                           	line	14
  1100                           ;lcd1.c: 14: PORTD=com;
  1101  0770  0872               	movf	(lcd_command@com),w
  1102  0771  1283               	bcf	status, 5	;RP0=0, select bank0
  1103  0772  1303               	bcf	status, 6	;RP1=0, select bank0
  1104  0773  0088               	movwf	(8)	;volatile
  1105                           	
  1106  0774                     l30000373:	
  1107                           	line	15
  1108                           ;lcd1.c: 15: RE0=0;
  1109  0774  1009               	bcf	(72/8),(72)&7
  1110                           	
  1111  0775                     l30000374:	
  1112                           	line	16
  1113                           ;lcd1.c: 16: RE1=0;
  1114  0775  1089               	bcf	(73/8),(73)&7
  1115                           	
  1116  0776                     l30000375:	
  1117                           	line	17
  1118                           ;lcd1.c: 17: RE2=1;
  1119  0776  1509               	bsf	(74/8),(74)&7
  1120                           	
  1121  0777                     l30000376:	
  1122                           	line	18
  1123                           ;lcd1.c: 18: delay(200);
  1124  0777  30C8               	movlw	low(0C8h)
  1125  0778  00F0               	movwf	(?_delay)
  1126  0779  3000               	movlw	high(0C8h)
  1127  077A  00F1               	movwf	((?_delay))+1
  1128  077B  120A  118A  275E   	fcall	_delay
              120A  118A         
  1129                           	
  1130  0780                     l30000377:	
  1131                           	line	19
  1132                           ;lcd1.c: 19: RE2=0;
  1133  0780  1283               	bcf	status, 5	;RP0=0, select bank0
  1134  0781  1303               	bcf	status, 6	;RP1=0, select bank0
  1135  0782  1109               	bcf	(74/8),(74)&7
  1136                           	
  1137  0783                     l5:	
  1138  0783  0008               	return
  1139                           	opt stack 0
  1140                           GLOBAL	__end_of_lcd_command
  1141  0784                     	__end_of_lcd_command:
  1142                           ; =============== function _lcd_command ends ============
  1143                           
  1144                           psect	text18,local,class=CODE,delta=2
  1145                           global __ptext18
  1146  075E                     __ptext18:
  1147                           	line	20
  1148                           	signat	_lcd_command,4216
  1149                           	global	_delay
  1150                           
  1151                           ; *************** function _delay *****************
  1152                           ; Defined at:
  1153                           ;		line 8 in file "D:\PIC\I2C\lcd\lcd1.c"
  1154                           ; Parameters:    Size  Location     Type
  1155                           ;  y               2    0[COMMON] unsigned int 
  1156                           ; Auto vars:     Size  Location     Type
  1157                           ;		None
  1158                           ; Return value:  Size  Location     Type
  1159                           ;		None               void
  1160                           ; Registers used:
  1161                           ;		wreg
  1162                           ; Tracked objects:
  1163                           ;		On entry : 0/0
  1164                           ;		On exit  : 0/0
  1165                           ;		Unchanged: 0/0
  1166                           ; Data sizes:     COMMON   BANK0   BANK1   BANK3   BANK2
  1167                           ;      Locals:         2       0       0       0       0
  1168                           ;      Temp:     0
  1169                           ;      Total:    2
  1170                           ; This function calls:
  1171                           ;		Nothing
  1172                           ; This function is called by:
  1173                           ;		_lcd_command
  1174                           ;		_lcd_data
  1175                           ;		_main
  1176                           ; This function uses a non-reentrant model
  1177                           ; 
  1178                           psect	text18
  1179                           	file	"D:\PIC\I2C\lcd\lcd1.c"
  1180                           	line	8
  1181                           	global	__size_of_delay
  1182  0011                     	__size_of_delay	equ	__end_of_delay-_delay
  1183                           ;lcd1.c: 7: void delay(unsigned int y)
  1184                           ;lcd1.c: 8: {
  1185                           	
  1186  075E                     _delay:	
  1187                           	opt stack 5
  1188                           ; Regs used in _delay: [wreg]
  1189                           	
  1190  075E                     l30000370:	
  1191                           	
  1192  075E                     l30000371:	
  1193                           	line	9
  1194  075E  3001               	movlw	low(01h)
  1195  075F  02F0               	subwf	(delay@y),f
  1196  0760  3000               	movlw	high(01h)
  1197  0761  1C03               	skipc
  1198  0762  03F1               	decf	(delay@y+1),f
  1199  0763  02F1               	subwf	(delay@y+1),f
  1200  0764  30FF               	movlw	high(0FFFFh)
  1201  0765  0671               	xorwf	((delay@y+1))&07fh,w
  1202  0766  1D03               	skipz
  1203  0767  2F6A               	goto	u15
  1204  0768  30FF               	movlw	low(0FFFFh)
  1205  0769  0670               	xorwf	((delay@y))&07fh,w
  1206  076A                     u15:
  1207                           
  1208  076A  1D03               	skipz
  1209  076B  2F6D               	goto	u11
  1210  076C  2F6E               	goto	u10
  1211  076D                     u11:
  1212  076D  2F5E               	goto	l30000371
  1213  076E                     u10:
  1214                           	
  1215  076E                     l1:	
  1216  076E  0008               	return
  1217                           	opt stack 0
  1218                           GLOBAL	__end_of_delay
  1219  076F                     	__end_of_delay:
  1220                           ; =============== function _delay ends ============
  1221                           
  1222                           psect	text19,local,class=CODE,delta=2
  1223                           global __ptext19
  1224  0003                     __ptext19:


HI-TECH Software PICC Macro Assembler V9.70 build 5239 
Symbol Table                                                                                   Tue Apr 19 04:23:43 2016

                   l1 076E                     l5 0783                     l6 0798                     l7 07B7  
      __size_of_delay 0011                    l10 07DE                    l12 07E4                    _DA 04A5  
                  l14 07EA                    _BF 04A0                    _DC 0019                    _PD 001B  
                  _RD 0C60                    u10 076E                    u11 076D                    _UA 04A1  
                  u20 07EA                    u21 07E9                    u15 076A                    _TO 001C  
                  _RW 04A2                    _WR 0C61                   _CM0 04E0                   _CM1 04E1  
                 _CM2 04E2                   _CKE 04A6                   _IBF 044F                   _CIS 04E3  
                 _CKP 00A4                   _GIE 005F                   _BOR 0470                   _RA0 0028  
                 _RA1 0029                   _RB0 0030                   _RA2 002A                   _RB1 0031  
                 _RA3 002B                   _RC0 0038                   _RB2 0032                   _RA4 002C  
                 _RC1 0039                   _RB3 0033                   _RA5 002D                   _RD0 0040  
                 _RC2 003A                   _RB4 0034                   _RD1 0041                   _RC3 003B  
                 _RB5 0035                   _RE0 0048                   _RD2 0042                   _RC4 003C  
                 _RB6 0036                   _RE1 0049                   _RD3 0043                   _RC5 003D  
                 _RB7 0037                   _RE2 004A                   _RD4 0044                   _RC6 003E  
                 _RD5 0045                   _RC7 003F                   _OBF 044E                   _RD6 0046  
                 _RD7 0047                   _FSR 0004                   _PCL 0002                   _PS0 0408  
                 _PR2 0092                   _PS1 0409                   _PS2 040A                   _PEN 048A  
                 _RP0 001D                   _IRP 001F                   _RP1 001E                   _SEN 0488  
                 _PSA 040B                   _POR 0471                   _RX9 00C6                   _SMP 04A7  
                 _TX9 04C6               ??_delay 0070                  _ADIE 0466                  _ADIF 0066  
                _ADFM 04FF                  _ADGO 00FA              __ptext14 0003              __ptext15 0784  
                _ADON 00F8              __ptext16 0799              __ptext17 076F              __ptext18 075E  
            __ptext19 0003                  _CHS0 00FB                  _CHS1 00FC                  _CHS2 00FD  
                _EEIE 046C                  _EEIF 006C                  _GCEN 048F                  _CMIE 046E  
                _CMIF 006E                  _BRGH 04C2                  _T0IE 005D                  _T0IF 005A  
                _CREN 00C4                  _T0CS 040D                  _FERR 00C2                  _IBOV 044D  
                _CVR0 04E8                  _CVR1 04E9                  _CVR2 04EA                  _CVR3 04EB  
                _T0SE 040C                  _CSRC 04C7                  _INDF 0000      __size_of_lcdinti 001F  
                _PIE1 008C                  _PIE2 008D                  _CVRR 04ED                  _PEIE 005E  
                _INTE 005C                  _INTF 0059                  _RBIE 005B                  _RBIF 0058  
                _RCIE 0465                  _RCEN 048B                  _RCIF 0065                  _PCON 008E  
                _PIR1 000C                  _PIR2 000D                  _OERR 00C1                  _RBPU 040F  
                _RX9D 00C0                  _TMR0 0001                  _TMR2 0011              _lcd_data 0784  
                _WCOL 00A7                  _SPEN 00C7                  _RSEN 0489                  _TX9D 04C0  
                _SREN 00C5                  _TRMT 04C1                  _STOP 04A4                  _TXIE 0464  
                _ZERO 001A                  _WREN 0C62                  _TXEN 04C5                  _TXIF 0064  
                _SYNC 04C4             ?_lcd_data 0073                  _main 07B8            ??_lcd_data 0070  
                start 0000   start_initialization 075A               _CCP1CON 0017               _CCP2CON 001D  
             _ACKSTAT 048E                 _C1INV 04E4                 _C2INV 04E5        lcd_command@com 0072  
   __size_of_lcd_data 0015                 _C1OUT 04E6                 _C2OUT 04E7                 _ADCS0 00FE  
               _ADCS1 00FF                 _ADCS2 04FE                 _ADDEN 00C3                 ?_main 0074  
               _ACKEN 048C                 _ACKDT 048D                 _BCLIE 046B                 _BCLIF 006B  
               _CCP1X 00BD                 _CCP1Y 00BC                 _CCP2X 00ED                 _CCP2Y 00EC  
               _EEADR 010D         __end_of_delay 076F                 _CARRY 0018                 _EEPGD 0C67  
               _CMCON 009C                 _T1CON 0010                 _T2CON 0012               _T1CKPS0 0084  
             _T1CKPS1 0085                 _PCFG0 04F8                 _PCFG1 04F9                 _PCFG2 04FA  
               _PCFG3 04FB               _T2CKPS0 0090               _T2CKPS1 0091                 _CVREN 04EF  
               _CVROE 04EE                 _RCREG 001A                 _RCSTA 0018       __end_of_lcdinti 07B8  
               _TMR1H 000F                 _TMR1L 000E                 _SPBRG 0099                 _PORTA 0005  
               _PORTB 0006               _T1OSCEN 0083                 _PORTC 0007                 _PORTD 0008  
               _PORTE 0009                 _PSPIE 0467                 _PSPIF 0067                 _START 04A3  
               _SSPM0 00A0                 _SSPM1 00A1                 _SSPM2 00A2                 _SSPM3 00A3  
               _TRISA 0085                 _TRISB 0086                 _TRISC 0087                 _TRISD 0088  
               _SSPIE 0463                 _TRISE 0089                 _SSPIF 0063                 _SSPEN 00A5  
               _SSPOV 00A6                 _WRERR 0C63                 _TXREG 0019                 _TXSTA 0098  
      __pcstackCOMMON 0070                 _delay 075E               _PSPMODE 044C               _SSPCON2 0091  
               main@a 0073               _SSPSTAT 0094               _TOUTPS0 0093               _TOUTPS1 0094  
             _TOUTPS2 0095               _TOUTPS3 0096           _lcd_command 076F   __end_of_lcd_command 0784  
               status 0003         __size_of_main 0048              l30000370 075E              l30000371 075E  
            l30000372 0770              l30000380 078A              l30000373 0774              l30000381 078B  
            l30000374 0775              l30000382 078C              l30000390 07D6              l30000375 0776  
            l30000383 0795              l30000391 07DA              l30000376 0777              l30000384 0799  
            l30000392 07EB              l30000377 0780              l30000393 07ED              l30000385 07B8  
            l30000378 0785              l30000394 07F6              l30000386 07BC              l30000379 0789  
            l30000387 07C1              l30000388 07CD              l30000389 07D2          ?_lcd_command 0073  
              ??_main 0070               _lcdinti 0799            __pmaintext 07B8  __size_of_lcd_command 0015  
            ?_lcdinti 0073             ??_lcdinti 0070                ?_delay 0070                _ADCON0 001F  
              _ADCON1 009F                _CCP1M0 00B8                _CCP1M1 00B9                _CCP1M2 00BA  
              _CCP1M3 00BB                _CCP2M0 00E8                _CCP2M1 00E9                _CCP2M2 00EA  
              _CCP2M3 00EB                _CCP1IE 0462                _CCP1IF 0062                _CCP2IE 0468  
              _CCP2IF 0068                _ADRESH 001E                _EEADRH 010F                _ADRESL 009E  
              _EEADRL 010D                _EEDATA 010C                _CCPR1H 0016                _EEDATH 010E  
              _CCPR2H 001C                _CCPR1L 0015                _CCPR2L 001B                _EECON1 018C  
              _EECON2 018D          __end_of_main 0800                _GODONE 00FA  end_of_initialization 075A  
    __end_of_lcd_data 0799                _CVRCON 009D                _T1SYNC 0082                _INTEDG 040E  
              _PCLATH 000A                _INTCON 000B                _TMR0IE 005D                _TMR0IF 005A  
              _TMR1IE 0460                _TMR1IF 0060                _TMR1CS 0081                _TMR2IE 0461  
              _TMR2IF 0061                _OPTION 0081                _TMR1ON 0080                _TMR2ON 0092  
              _SSPADD 0093                _TRISA0 0428                _TRISA1 0429                _TRISB0 0430  
              _TRISA2 042A                _TRISB1 0431                _TRISA3 042B                _TRISC0 0438  
              _TRISB2 0432                _TRISA4 042C                _TRISC1 0439                _TRISB3 0433  
              _TRISA5 042D                _TRISD0 0440                _TRISC2 043A                _TRISB4 0434  
              _TRISD1 0441                _TRISC3 043B                _TRISB5 0435                _TRISE0 0448  
              _TRISD2 0442                _TRISC4 043C                _TRISB6 0436                _TRISE1 0449  
              _TRISD3 0443                _TRISC5 043D                _TRISB7 0437                _TRISE2 044A  
              _TRISD4 0444                _TRISC6 043E                _TRISD5 0445                _TRISC7 043F  
              _TRISD6 0446                _TRISD7 0447                _STATUS 0003                _SSPCON 0014  
              _SSPBUF 0013                delay@y 0070         ??_lcd_command 0070          lcd_data@data 0072  
