

HI-TECH Software PIC Macro Assembler V9.70 build 5239 
                                                      Tue Apr 19 04:23:43 2016


     1                           
     2                           	; HI-TECH C Compiler for PIC10/12/16 MCUs V9.7
                                 0
     3                           	; Copyright (C) 1984-2009 HI-TECH Software
     4                           
     5                           	; Auto-generated runtime startup code for fina
                                 l link stage.
     6                           
     7                           	;
     8                           	; Compiler options:
     9                           	;
    10                           	; -olcd.cof -mlcd.map --summary=default --outp
                                 ut=default lcd1.p1 \
    11                           	; --chip=16F877A -P --runtime=default --opt=de
                                 fault -D__DEBUG=1 -g \
    12                           	; --asmlist --errformat=Error   [%n] %f; %l.%c
                                  %s \
    13                           	; --msgformat=Advisory[%n] %s --warnformat=War
                                 ning [%n] %f; %l.%c %s
    14                           	;
    15                           
    16                           
    17                           	processor	16F877A
    18                           
    19                           	global	_main,start,_exit,reset_vec
    20                           	fnroot	_main
    21                           	psect	config,class=CONFIG,delta=2
    22                           	psect	idloc,class=IDLOC,delta=2
    23                           	psect	temp,ovrld,class=BANK0,space=1
    24                           	psect	struct,ovrld,class=BANK0,space=1
    25                           	psect	code,class=CODE,delta=2
    26                           	psect	ptbit_0,class=BANK0,bit,space=1
    27                           	psect	powerup,class=CODE,delta=2
    28                           	psect	reset_vec,class=CODE,delta=2
    29                           	psect	maintext,class=CODE,delta=2
    30  0000                     	C	set	0
    31  0002                     	Z	set	2
    32  0002                     	PCL	set	2
    33  0000                     	INDF	set	0
    34                           
    35  0003                     	STATUS	equ	3
    36  000A                     	PCLATH	equ	0Ah
    37                           
    38                           	psect	eeprom_data,class=EEDATA,delta=2,space=2
    39                           	psect	intentry,class=CODE,delta=2
    40                           	global	intlevel0,intlevel1,intlevel2, intlevel
                                 3, intlevel4, intlevel5
    41  0000                     intlevel0:
    42  0000                     intlevel1:
    43  0000                     intlevel2:
    44  0000                     intlevel3:
    45  0000                     intlevel4:
    46  0000                     intlevel5:
    47                           	psect	intsave,class=BANK0,space=1
    48                           	psect	init,class=CODE,delta=2
    49                           	psect	cinit,class=CODE,delta=2
    50                           	psect	text,class=CODE,delta=2
    51                           	psect	end_init,class=CODE,delta=2
    52                           	psect	clrtext,class=CODE,delta=2
    53  0004                     	FSR	set	4
    54                           	psect	strings,class=CODE,delta=2,reloc=256
    55                           
    56                           	psect	reset_vec
    57  0000                     reset_vec:
    58                           	; No powerup routine
    59                           	; No interrupt routine
    60                           
    61                           
    62                           	psect	init
    63  0000                     start
    64  0000                     _exit
    65                           	psect	end_init
    66                           	global start_initialization
    67  0000  120A  118A  2F5A   	ljmp start_initialization	;jump to C runtime c
                                 lear & initialization


HI-TECH Software PICC Macro Assembler V9.70 build 5239 
Symbol Table                                          Tue Apr 19 04:23:43 2016

               _main 07B8                 _exit 0000  
               start 0000  start_initialization 075A  
           intlevel0 0000             intlevel1 0000  
           intlevel2 0000             intlevel3 0000  
           intlevel4 0000             intlevel5 0000  
           reset_vec 0000  
