

HI-TECH Software PIC Macro Assembler V9.71 build 6379 
                                                                                                           Tue Sep 11 16:26:51 2018


     1                           
     2                           	; HI-TECH C Compiler for PIC10/12/16 MCUs V9.71
     3                           	; Copyright (C) 1984-2010 HI-TECH Software
     4                           	;Licensed for evaluation purposes only.
     5                           	;This licence will expire on Sun, 07 Oct 2018
     6                           
     7                           	; Auto-generated runtime startup code for final link stage.
     8                           
     9                           	;
    10                           	; Compiler options:
    11                           	;
    12                           	; -oTimer LED.cof -mTimer LED.map --summary=default --output=default \
    13                           	; Timer LED.p1 --chip=16F877A -P --runtime=default --opt=default \
    14                           	; -D__DEBUG=1 -g --asmlist --errformat=Error   [%n] %f; %l.%c %s \
    15                           	; --msgformat=Advisory[%n] %s --warnformat=Warning [%n] %f; %l.%c %s
    16                           	;
    17                           
    18                           
    19                           	processor	16F877A
    20                           
    21                           	global	_main,start,_exit,reset_vec
    22                           	fnroot	_main
    23                           	psect	config,class=CONFIG,delta=2
    24                           	psect	idloc,class=IDLOC,delta=2
    25                           	psect	code,class=CODE,delta=2
    26                           	psect	powerup,class=CODE,delta=2
    27                           	psect	reset_vec,class=CODE,delta=2
    28                           	psect	maintext,class=CODE,delta=2
    29  0000                     	C	set	0
    30  0002                     	Z	set	2
    31  0002                     	PCL	set	2
    32  0000                     	INDF	set	0
    33                           
    34  0003                     	STATUS	equ	3
    35  000A                     	PCLATH	equ	0Ah
    36                           
    37                           	psect	eeprom_data,class=EEDATA,delta=2,space=2
    38                           	psect	intentry,class=CODE,delta=2
    39                           	psect	functab,class=CODE,delta=2
    40                           	global	intlevel0,intlevel1,intlevel2, intlevel3, intlevel4, intlevel5
    41  0000                     intlevel0:
    42  0000                     intlevel1:
    43  0000                     intlevel2:
    44  0000                     intlevel3:
    45  0000                     intlevel4:
    46  0000                     intlevel5:
    47                           	psect	init,class=CODE,delta=2
    48                           	psect	cinit,class=CODE,delta=2
    49                           	psect	text,class=CODE,delta=2
    50                           	psect	end_init,class=CODE,delta=2
    51                           	psect	clrtext,class=CODE,delta=2
    52  0004                     	FSR	set	4
    53                           	psect	strings,class=CODE,delta=2,reloc=256
    54                           
    55                           	psect	reset_vec
    56  0000                     reset_vec:
    57                           	; No powerup routine
    58                           	global start
    59                           
    60                           ; jump to start
    61  0000  120A  118A  280C   	goto	start & 0x7FF | (reset_vec & not 0x7FF)
    62                           
    63                           
    64                           
    65                           	psect	init
    66  000C                     start
    67  000C                     _exit
    68                           	psect	end_init
    69                           	global start_initialization
    70  000C  120A  118A  2847   	ljmp start_initialization	;jump to C runtime clear & initialization


HI-TECH Software PICC Macro Assembler V9.71 build 6379 
Symbol Table                                                                                               Tue Sep 11 16:26:51 2018

               _main 003D                 _exit 000C                 start 000C  start_initialization 0047  
           intlevel0 0000             intlevel1 0000             intlevel2 0000             intlevel3 0000  
           intlevel4 0000             intlevel5 0000             reset_vec 0000  
