

HI-TECH Software PIC LITE Macro Assembler V9.80 build 6738 
                                                                                               Sat Dec 26 13:01:21 2015

HI-TECH Software Omniscient Code Generator (Lite mode) build 6738
     1  0000                     opt subtitle "HI-TECH Software Omniscient Code Generator (Lite mode) build 6738"
     2                           
     3                           opt pagewidth 120
     4                           
     5                           	opt lm
     6                           
     7                           	processor	16F877A
     8                           clrc	macro
     9                           	bcf	3,0
    10  0000                     	endm
    11                           clrz	macro
    12                           	bcf	3,2
    13  0000                     	endm
    14                           setc	macro
    15                           	bsf	3,0
    16  0000                     	endm
    17                           setz	macro
    18                           	bsf	3,2
    19  0000                     	endm
    20                           skipc	macro
    21                           	btfss	3,0
    22  0000                     	endm
    23                           skipz	macro
    24                           	btfss	3,2
    25  0000                     	endm
    26                           skipnc	macro
    27                           	btfsc	3,0
    28  0000                     	endm
    29                           skipnz	macro
    30                           	btfsc	3,2
    31  0000                     	endm
    32  0000                     indf	equ	0
    33  0000                     indf0	equ	0
    34  0002                     pc	equ	2
    35  0002                     pcl	equ	2
    36  0003                     status	equ	3
    37  0004                     fsr	equ	4
    38  0004                     fsr0	equ	4
    39  0001                     c	equ	1
    40  0000                     z	equ	0
    41  000A                     pclath	equ	10
    42                           	FNROOT	_main
    43                           	global	_RCREG
    44                           psect	maintext,global,class=CODE,delta=2
    45                           global __pmaintext
    46  07C4                     __pmaintext:
    47  001A                     _RCREG	set	26
    48                           	global	_RCSTA
    49  0018                     _RCSTA	set	24
    50                           	global	_RB0
    51  0030                     _RB0	set	48
    52                           	global	_RB1
    53  0031                     _RB1	set	49
    54                           	global	_RB2
    55  0032                     _RB2	set	50
    56                           	global	_SPEN
    57  00C7                     _SPEN	set	199
    58                           	global	_SPBRG
    59  0099                     _SPBRG	set	153
    60                           	global	_TRISB
    61  0086                     _TRISB	set	134
    62                           	global	_TRISC
    63  0087                     _TRISC	set	135
    64                           	global	_BRGH
    65  04C2                     _BRGH	set	1218
    66                           	file	"UART -Receive.as"
    67                           	line	#
    68                           psect cinit,class=CODE,delta=2
    69                           global start_initialization
    70  07C0                     start_initialization:
    71                           
    72                           psect cinit,class=CODE,delta=2
    73                           global end_of_initialization
    74                           
    75                           ;End of C runtime variable initialization code
    76                           
    77  07C0                     end_of_initialization:
    78  07C0  0183               clrf status
    79  07C1  120A  118A  2FC4   ljmp _main	;jump to C main() function
    80                           psect	cstackCOMMON,class=COMMON,space=1
    81                           global __pcstackCOMMON
    82  0000                     __pcstackCOMMON:
    83                           	global	?_main
    84  0000                     ?_main:	; 0 bytes @ 0x0
    85                           	global	??_main
    86  0000                     ??_main:	; 0 bytes @ 0x0
    87 ;;Data sizes: Strings 0, constant 0, data 0, bss 0, persistent 0 stack 0
    88 ;;Auto spaces:   Size  Autos    Used
    89 ;; COMMON          14      0       0
    90 ;; BANK0           80      0       0
    91 ;; BANK1           80      0       0
    92 ;; BANK3           96      0       0
    93 ;; BANK2           96      0       0
    94                           
    95 ;;
    96 ;; Pointer list with targets:
    97                           
    98                           
    99                           
   100 ;;
   101 ;; Critical Paths under _main in COMMON
   102 ;;
   103 ;;   None.
   104 ;;
   105 ;; Critical Paths under _main in BANK0
   106 ;;
   107 ;;   None.
   108 ;;
   109 ;; Critical Paths under _main in BANK1
   110 ;;
   111 ;;   None.
   112 ;;
   113 ;; Critical Paths under _main in BANK3
   114 ;;
   115 ;;   None.
   116 ;;
   117 ;; Critical Paths under _main in BANK2
   118 ;;
   119 ;;   None.
   120                           
   121 ;;
   122 ;;Main: autosize = 0, tempsize = 0, incstack = 0, save=0
   123 ;;
   124                           
   125 ;;
   126 ;;Call Graph Tables:
   127 ;;
   128 ;; ---------------------------------------------------------------------------------
   129 ;; (Depth) Function   	        Calls       Base Space   Used Autos Params    Refs
   130 ;; ---------------------------------------------------------------------------------
   131 ;; (0) _main                                                 0     0      0       0
   132 ;; ---------------------------------------------------------------------------------
   133 ;; Estimated maximum stack depth 0
   134 ;; ---------------------------------------------------------------------------------
   135                           
   136 ;; Call Graph Graphs:
   137                           
   138 ;; _main (ROOT)
   139 ;;
   140                           
   141 ;; Address spaces:
   142                           
   143 ;;Name               Size   Autos  Total    Cost      Usage
   144 ;;BITCOMMON            E      0       0       0        0.0%
   145 ;;EEDATA             100      0       0       0        0.0%
   146 ;;NULL                 0      0       0       0        0.0%
   147 ;;CODE                 0      0       0       0        0.0%
   148 ;;COMMON               E      0       0       1        0.0%
   149 ;;BITSFR0              0      0       0       1        0.0%
   150 ;;SFR0                 0      0       0       1        0.0%
   151 ;;BITSFR1              0      0       0       2        0.0%
   152 ;;SFR1                 0      0       0       2        0.0%
   153 ;;STACK                0      0       0       2        0.0%
   154 ;;ABS                  0      0       0       3        0.0%
   155 ;;BITBANK0            50      0       0       4        0.0%
   156 ;;BITSFR3              0      0       0       4        0.0%
   157 ;;SFR3                 0      0       0       4        0.0%
   158 ;;BANK0               50      0       0       5        0.0%
   159 ;;BITSFR2              0      0       0       5        0.0%
   160 ;;SFR2                 0      0       0       5        0.0%
   161 ;;BITBANK1            50      0       0       6        0.0%
   162 ;;BANK1               50      0       0       7        0.0%
   163 ;;BITBANK3            60      0       0       8        0.0%
   164 ;;BANK3               60      0       0       9        0.0%
   165 ;;BITBANK2            60      0       0      10        0.0%
   166 ;;BANK2               60      0       0      11        0.0%
   167 ;;DATA                 0      0       0      12        0.0%
   168                           
   169                           	global	_main
   170                           psect	maintext
   171                           
   172 ;; *************** function _main *****************
   173 ;; Defined at:
   174 ;;		line 6 in file "C:\Users\blackrider\Desktop\PIC course\UART\UART Receive\main.c"
   175 ;; Parameters:    Size  Location     Type
   176 ;;		None
   177 ;; Auto vars:     Size  Location     Type
   178 ;;		None
   179 ;; Return value:  Size  Location     Type
   180 ;;		None               void
   181 ;; Registers used:
   182 ;;		wreg, status,2
   183 ;; Tracked objects:
   184 ;;		On entry : 17F/0
   185 ;;		On exit  : 0/0
   186 ;;		Unchanged: 0/0
   187 ;; Data sizes:     COMMON   BANK0   BANK1   BANK3   BANK2
   188 ;;      Params:         0       0       0       0       0
   189 ;;      Locals:         0       0       0       0       0
   190 ;;      Temps:          0       0       0       0       0
   191 ;;      Totals:         0       0       0       0       0
   192 ;;Total ram usage:        0 bytes
   193 ;; This function calls:
   194 ;;		Nothing
   195 ;; This function is called by:
   196 ;;		Startup code after reset
   197 ;; This function uses a non-reentrant model
   198 ;;
   199                           psect	maintext
   200                           	file	"C:\Users\blackrider\Desktop\PIC course\UART\UART Receive\main.c"
   201                           	line	6
   202                           	global	__size_of_main
   203  003C                     	__size_of_main	equ	__end_of_main-_main
   204                           	
   205  07C4                     _main:	
   206                           	opt	stack 8
   207                           ; Regs used in _main: [wreg+status,2]
   208                           	line	7
   209                           	
   210  07C4                     l935:	
   211                           ;main.c: 7: TRISB=0x00;
   212  07C4  1683               	bsf	status, 5	;RP0=1, select bank1
   213  07C5  1303               	bcf	status, 6	;RP1=0, select bank1
   214  07C6  0186               	clrf	(134)^080h	;volatile
   215                           	line	8
   216                           	
   217  07C7                     l937:	
   218                           ;main.c: 8: TRISC=0x80;
   219  07C7  3080               	movlw	(080h)
   220  07C8  0087               	movwf	(135)^080h	;volatile
   221                           	line	9
   222                           	
   223  07C9                     l939:	
   224                           ;main.c: 9: SPEN=1;
   225  07C9  1283               	bcf	status, 5	;RP0=0, select bank0
   226  07CA  1303               	bcf	status, 6	;RP1=0, select bank0
   227  07CB  1798               	bsf	(199/8),(199)&7
   228                           	line	10
   229                           	
   230  07CC                     l941:	
   231                           ;main.c: 10: SPBRG=25;
   232  07CC  3019               	movlw	(019h)
   233  07CD  1683               	bsf	status, 5	;RP0=1, select bank1
   234  07CE  1303               	bcf	status, 6	;RP1=0, select bank1
   235  07CF  0099               	movwf	(153)^080h	;volatile
   236                           	line	11
   237                           	
   238  07D0                     l943:	
   239                           ;main.c: 11: BRGH=1;
   240  07D0  1518               	bsf	(1218/8)^080h,(1218)&7
   241                           	line	13
   242                           	
   243  07D1                     l945:	
   244                           ;main.c: 13: RCSTA=0x90;
   245  07D1  3090               	movlw	(090h)
   246  07D2  1283               	bcf	status, 5	;RP0=0, select bank0
   247  07D3  1303               	bcf	status, 6	;RP1=0, select bank0
   248  07D4  0098               	movwf	(24)	;volatile
   249                           	line	14
   250                           	
   251  07D5                     l947:	
   252                           ;main.c: 14: RB0=RB1=RB2=0;
   253  07D5  1106               	bcf	(50/8),(50)&7
   254  07D6  1086               	bcf	(49/8),(49)&7
   255  07D7  1006               	bcf	(48/8),(48)&7
   256  07D8  2FD9               	goto	l949
   257                           	line	15
   258                           ;main.c: 15: while(1)
   259                           	
   260  07D9                     l559:	
   261                           	line	17
   262                           	
   263  07D9                     l949:	
   264                           ;main.c: 16: {
   265                           ;main.c: 17: if(RCREG==0x31)
   266  07D9  081A               	movf	(26),w	;volatile
   267  07DA  3A31               	xorlw	031h
   268  07DB  1D03               	skipz
   269  07DC  2FDE               	goto	u11
   270  07DD  2FDF               	goto	u10
   271  07DE                     u11:
   272  07DE  2FE1               	goto	l953
   273  07DF                     u10:
   274                           	line	19
   275                           	
   276  07DF                     l951:	
   277                           ;main.c: 18: {
   278                           ;main.c: 19: RB0=1;
   279  07DF  1406               	bsf	(48/8),(48)&7
   280  07E0  2FE1               	goto	l953
   281                           	line	20
   282                           	
   283  07E1                     l560:	
   284                           	line	21
   285                           	
   286  07E1                     l953:	
   287                           ;main.c: 20: }
   288                           ;main.c: 21: if(RCREG==0x32)
   289  07E1  081A               	movf	(26),w	;volatile
   290  07E2  3A32               	xorlw	032h
   291  07E3  1D03               	skipz
   292  07E4  2FE6               	goto	u21
   293  07E5  2FE7               	goto	u20
   294  07E6                     u21:
   295  07E6  2FE9               	goto	l957
   296  07E7                     u20:
   297                           	line	23
   298                           	
   299  07E7                     l955:	
   300                           ;main.c: 22: {
   301                           ;main.c: 23: RB1=1;
   302  07E7  1486               	bsf	(49/8),(49)&7
   303  07E8  2FE9               	goto	l957
   304                           	line	24
   305                           	
   306  07E9                     l561:	
   307                           	line	25
   308                           	
   309  07E9                     l957:	
   310                           ;main.c: 24: }
   311                           ;main.c: 25: if(RCREG==0x33)
   312  07E9  081A               	movf	(26),w	;volatile
   313  07EA  3A33               	xorlw	033h
   314  07EB  1D03               	skipz
   315  07EC  2FEE               	goto	u31
   316  07ED  2FEF               	goto	u30
   317  07EE                     u31:
   318  07EE  2FF1               	goto	l961
   319  07EF                     u30:
   320                           	line	27
   321                           	
   322  07EF                     l959:	
   323                           ;main.c: 26: {
   324                           ;main.c: 27: RB2=1;
   325  07EF  1506               	bsf	(50/8),(50)&7
   326  07F0  2FF1               	goto	l961
   327                           	line	28
   328                           	
   329  07F1                     l562:	
   330                           	line	29
   331                           	
   332  07F1                     l961:	
   333                           ;main.c: 28: }
   334                           ;main.c: 29: if(RCREG==0x34)
   335  07F1  081A               	movf	(26),w	;volatile
   336  07F2  3A34               	xorlw	034h
   337  07F3  1D03               	skipz
   338  07F4  2FF6               	goto	u41
   339  07F5  2FF7               	goto	u40
   340  07F6                     u41:
   341  07F6  2FD9               	goto	l949
   342  07F7                     u40:
   343                           	line	31
   344                           	
   345  07F7                     l963:	
   346                           ;main.c: 30: {
   347                           ;main.c: 31: RB0=RB1=RB2=0;
   348  07F7  1106               	bcf	(50/8),(50)&7
   349  07F8  1086               	bcf	(49/8),(49)&7
   350  07F9  1006               	bcf	(48/8),(48)&7
   351  07FA  2FD9               	goto	l949
   352                           	line	32
   353                           	
   354  07FB                     l563:	
   355  07FB  2FD9               	goto	l949
   356                           	line	33
   357                           	
   358  07FC                     l564:	
   359                           	line	15
   360  07FC  2FD9               	goto	l949
   361                           	
   362  07FD                     l565:	
   363                           	line	36
   364                           	
   365  07FD                     l566:	
   366                           	global	start
   367  07FD  120A  118A  2800   	ljmp	start
   368                           	opt stack 0
   369                           GLOBAL	__end_of_main
   370  0800                     	__end_of_main:
   371 ;; =============== function _main ends ============
   372                           
   373                           	signat	_main,88
   374                           psect	maintext
   375                           	global	btemp
   376  007E                     	btemp set 07Eh
   377                           
   378                           	DABS	1,126,2	;btemp
   379                           	global	wtemp0
   380  007E                     	wtemp0 set btemp


HI-TECH Software PICC Macro Assembler V9.80 build 6738 
Symbol Table                                                                                   Sat Dec 26 13:01:21 2015

                  u10 07DF                    u11 07DE                    u20 07E7                    u21 07E6  
                  u30 07EF                    u31 07EE                    u40 07F7                    u41 07F6  
                 l560 07E1                   l561 07E9                   l562 07F1                   l563 07FB  
                 l564 07FC                   l565 07FD                   l566 07FD                   l559 07D9  
                 l941 07CC                   l951 07DF                   l943 07D0                   l935 07C4  
                 l961 07F1                   l953 07E1                   l945 07D1                   l937 07C7  
                 l963 07F7                   l955 07E7                   l947 07D5                   l939 07C9  
                 l957 07E9                   l949 07D9                   l959 07EF                   _RB0 0030  
                 _RB1 0031                   _RB2 0032                  _BRGH 04C2                  _SPEN 00C7  
                _main 07C4                  btemp 007E                  start 0000                 ?_main 0000  
               _RCREG 001A                 _RCSTA 0018                 _SPBRG 0099                 _TRISB 0086  
               _TRISC 0087                 status 0003                 wtemp0 007E          __end_of_main 0800  
              ??_main 0000        __pcstackCOMMON 0000            __pmaintext 07C4  end_of_initialization 07C0  
 start_initialization 07C0         __size_of_main 003C  
